<?xml version="1.0" encoding="UTF-8"?>
<testng-results skipped="0" failed="9" ignored="0" total="9" passed="0">
  <reporter-output>
    <line>
      <![CDATA[Claim_Approve is FAILED]]>
    </line>
    <line>
      <![CDATA[Claim_Approve_INOPSCHK is FAILED]]>
    </line>
    <line>
      <![CDATA[Insurance_Maker_Approve is FAILED]]>
    </line>
    <line>
      <![CDATA[Insurance_Checker_Approve is FAILED]]>
    </line>
    <line>
      <![CDATA[Sent_To_insurer is FAILED]]>
    </line>
    <line>
      <![CDATA[Received_From_Insurer is FAILED]]>
    </line>
    <line>
      <![CDATA[Sent_To_Insurer is FAILED]]>
    </line>
    <line>
      <![CDATA[Settled_To_Nominee is FAILED]]>
    </line>
    <line>
      <![CDATA[Settled_to_Nominee_pending_OM_Conf is FAILED]]>
    </line>
  </reporter-output>
  <suite name="Failed suite [Suite]" duration-ms="433409" started-at="2019-05-03T04:29:57Z" finished-at="2019-05-03T04:37:11Z">
    <groups>
      <group name="smoke">
        <method signature="Claim_Approve_INOPS_CHK_Test.Claim_Approve_INOPSCHK()[pri:7, instance:script.Claim_Approve_INOPS_CHK_Test@402a079c]" name="Claim_Approve_INOPSCHK" class="script.Claim_Approve_INOPS_CHK_Test"/>
        <method signature="Claim_Approve_INOPS_Test.Claim_Approve()[pri:6, instance:script.Claim_Approve_INOPS_Test@6500df86]" name="Claim_Approve" class="script.Claim_Approve_INOPS_Test"/>
        <method signature="Settelement_Received_From_Insurer_Test.Received_From_Insurer()[pri:11, instance:script.Settelement_Received_From_Insurer_Test@59ec2012]" name="Received_From_Insurer" class="script.Settelement_Received_From_Insurer_Test"/>
        <method signature="Settelement_insurance_Checker_Approve_Test.Insurance_Checker_Approve()[pri:9, instance:script.Settelement_insurance_Checker_Approve_Test@42dafa95]" name="Insurance_Checker_Approve" class="script.Settelement_insurance_Checker_Approve_Test"/>
        <method signature="Settlement_Insurance_Maker_Approve_Test.Insurance_Maker_Approve()[pri:8, instance:script.Settlement_Insurance_Maker_Approve_Test@4f7d0008]" name="Insurance_Maker_Approve" class="script.Settlement_Insurance_Maker_Approve_Test"/>
        <method signature="Settlement_OPEX_SettledtoNominee_Test.Settled_To_Nominee()[pri:13, instance:script.Settlement_OPEX_SettledtoNominee_Test@271053e1]" name="Settled_To_Nominee" class="script.Settlement_OPEX_SettledtoNominee_Test"/>
        <method signature="Settlement_Sent_To_Insurer_Test.Sent_To_insurer()[pri:10, instance:script.Settlement_Sent_To_Insurer_Test@589838eb]" name="Sent_To_insurer" class="script.Settlement_Sent_To_Insurer_Test"/>
        <method signature="Settlement_Sent_To_Operation_Executive_Test.Sent_To_Insurer()[pri:12, instance:script.Settlement_Sent_To_Operation_Executive_Test@4cf777e8]" name="Sent_To_Insurer" class="script.Settlement_Sent_To_Operation_Executive_Test"/>
        <method signature="Settlement_Settled_To_Nominee_PendingAMConfirmation_Test.Settled_to_Nominee_pending_OM_Conf()[pri:14, instance:script.Settlement_Settled_To_Nominee_PendingAMConfirmation_Test@2f686d1f]" name="Settled_to_Nominee_pending_OM_Conf" class="script.Settlement_Settled_To_Nominee_PendingAMConfirmation_Test"/>
      </group> <!-- smoke -->
      <group name="Claim_Management">
        <method signature="Claim_Approve_INOPS_CHK_Test.Claim_Approve_INOPSCHK()[pri:7, instance:script.Claim_Approve_INOPS_CHK_Test@402a079c]" name="Claim_Approve_INOPSCHK" class="script.Claim_Approve_INOPS_CHK_Test"/>
        <method signature="Claim_Approve_INOPS_Test.Claim_Approve()[pri:6, instance:script.Claim_Approve_INOPS_Test@6500df86]" name="Claim_Approve" class="script.Claim_Approve_INOPS_Test"/>
      </group> <!-- Claim_Management -->
      <group name="Settlement_Management">
        <method signature="Settelement_Received_From_Insurer_Test.Received_From_Insurer()[pri:11, instance:script.Settelement_Received_From_Insurer_Test@59ec2012]" name="Received_From_Insurer" class="script.Settelement_Received_From_Insurer_Test"/>
        <method signature="Settelement_insurance_Checker_Approve_Test.Insurance_Checker_Approve()[pri:9, instance:script.Settelement_insurance_Checker_Approve_Test@42dafa95]" name="Insurance_Checker_Approve" class="script.Settelement_insurance_Checker_Approve_Test"/>
        <method signature="Settlement_Insurance_Maker_Approve_Test.Insurance_Maker_Approve()[pri:8, instance:script.Settlement_Insurance_Maker_Approve_Test@4f7d0008]" name="Insurance_Maker_Approve" class="script.Settlement_Insurance_Maker_Approve_Test"/>
        <method signature="Settlement_OPEX_SettledtoNominee_Test.Settled_To_Nominee()[pri:13, instance:script.Settlement_OPEX_SettledtoNominee_Test@271053e1]" name="Settled_To_Nominee" class="script.Settlement_OPEX_SettledtoNominee_Test"/>
        <method signature="Settlement_Sent_To_Insurer_Test.Sent_To_insurer()[pri:10, instance:script.Settlement_Sent_To_Insurer_Test@589838eb]" name="Sent_To_insurer" class="script.Settlement_Sent_To_Insurer_Test"/>
        <method signature="Settlement_Sent_To_Operation_Executive_Test.Sent_To_Insurer()[pri:12, instance:script.Settlement_Sent_To_Operation_Executive_Test@4cf777e8]" name="Sent_To_Insurer" class="script.Settlement_Sent_To_Operation_Executive_Test"/>
        <method signature="Settlement_Settled_To_Nominee_PendingAMConfirmation_Test.Settled_to_Nominee_pending_OM_Conf()[pri:14, instance:script.Settlement_Settled_To_Nominee_PendingAMConfirmation_Test@2f686d1f]" name="Settled_to_Nominee_pending_OM_Conf" class="script.Settlement_Settled_To_Nominee_PendingAMConfirmation_Test"/>
      </group> <!-- Settlement_Management -->
    </groups>
    <test name="Test(failed)" duration-ms="433409" started-at="2019-05-03T04:29:57Z" finished-at="2019-05-03T04:37:11Z">
      <class name="script.Settlement_Insurance_Maker_Approve_Test">
        <test-method status="PASS" signature="openApp()[pri:0, instance:script.Settlement_Insurance_Maker_Approve_Test@4f7d0008]" name="openApp" is-config="true" duration-ms="7900" started-at="2019-05-03T04:31:31Z" finished-at="2019-05-03T04:31:39Z">
          <reporter-output>
          </reporter-output>
        </test-method> <!-- openApp -->
        <test-method status="PASS" signature="Login()[pri:0, instance:script.Settlement_Insurance_Maker_Approve_Test@4f7d0008]" name="Login" is-config="true" duration-ms="4813" started-at="2019-05-03T04:31:39Z" finished-at="2019-05-03T04:31:43Z">
          <reporter-output>
          </reporter-output>
        </test-method> <!-- Login -->
        <test-method status="FAIL" signature="Insurance_Maker_Approve()[pri:8, instance:script.Settlement_Insurance_Maker_Approve_Test@4f7d0008]" name="Insurance_Maker_Approve" duration-ms="34074" started-at="2019-05-03T04:31:43Z" finished-at="2019-05-03T04:32:18Z">
          <exception class="org.openqa.selenium.NoSuchElementException">
            <message>
              <![CDATA[Unable to locate element: Send For Approval
For documentation on this error, please visit: https://www.seleniumhq.org/exceptions/no_such_element.html
Build info: version: '3.141.59', revision: 'e82be7d358', time: '2018-11-14T08:17:03'
System info: host: 'IXED-LAP0263', ip: '127.0.1.1', os.name: 'Linux', os.arch: 'amd64', os.version: '3.13.0-153-generic', java.version: '1.8.0_171'
Driver info: org.openqa.selenium.firefox.FirefoxDriver
Capabilities {acceptInsecureCerts: true, browserName: firefox, browserVersion: 61.0.1, javascriptEnabled: true, moz:accessibilityChecks: false, moz:headless: false, moz:processID: 5145, moz:profile: /tmp/rust_mozprofile.PHa4as..., moz:useNonSpecCompliantPointerOrigin: false, moz:webdriverClick: true, pageLoadStrategy: normal, platform: LINUX, platformName: LINUX, platformVersion: 3.13.0-153-generic, rotatable: false, timeouts: {implicit: 0, pageLoad: 300000, script: 30000}}
Session ID: 4acc0e0f-3dac-45a8-ae3b-4d5f96f1cae5
*** Element info: {Using=link text, value=Send For Approval}]]>
            </message>
            <full-stacktrace>
              <![CDATA[org.openqa.selenium.NoSuchElementException: Unable to locate element: Send For Approval
For documentation on this error, please visit: https://www.seleniumhq.org/exceptions/no_such_element.html
Build info: version: '3.141.59', revision: 'e82be7d358', time: '2018-11-14T08:17:03'
System info: host: 'IXED-LAP0263', ip: '127.0.1.1', os.name: 'Linux', os.arch: 'amd64', os.version: '3.13.0-153-generic', java.version: '1.8.0_171'
Driver info: org.openqa.selenium.firefox.FirefoxDriver
Capabilities {acceptInsecureCerts: true, browserName: firefox, browserVersion: 61.0.1, javascriptEnabled: true, moz:accessibilityChecks: false, moz:headless: false, moz:processID: 5145, moz:profile: /tmp/rust_mozprofile.PHa4as..., moz:useNonSpecCompliantPointerOrigin: false, moz:webdriverClick: true, pageLoadStrategy: normal, platform: LINUX, platformName: LINUX, platformVersion: 3.13.0-153-generic, rotatable: false, timeouts: {implicit: 0, pageLoad: 300000, script: 30000}}
Session ID: 4acc0e0f-3dac-45a8-ae3b-4d5f96f1cae5
*** Element info: {Using=link text, value=Send For Approval}
at sun.reflect.NativeConstructorAccessorImpl.newInstance0(Native Method)
at sun.reflect.NativeConstructorAccessorImpl.newInstance(NativeConstructorAccessorImpl.java:62)
at sun.reflect.DelegatingConstructorAccessorImpl.newInstance(DelegatingConstructorAccessorImpl.java:45)
at java.lang.reflect.Constructor.newInstance(Constructor.java:423)
at org.openqa.selenium.remote.http.W3CHttpResponseCodec.createException(W3CHttpResponseCodec.java:187)
at org.openqa.selenium.remote.http.W3CHttpResponseCodec.decode(W3CHttpResponseCodec.java:122)
at org.openqa.selenium.remote.http.W3CHttpResponseCodec.decode(W3CHttpResponseCodec.java:49)
at org.openqa.selenium.remote.HttpCommandExecutor.execute(HttpCommandExecutor.java:158)
at org.openqa.selenium.remote.service.DriverCommandExecutor.execute(DriverCommandExecutor.java:83)
at org.openqa.selenium.remote.RemoteWebDriver.execute(RemoteWebDriver.java:552)
at org.openqa.selenium.remote.RemoteWebDriver.findElement(RemoteWebDriver.java:323)
at org.openqa.selenium.remote.RemoteWebDriver.findElementByLinkText(RemoteWebDriver.java:380)
at org.openqa.selenium.By$ByLinkText.findElement(By.java:220)
at org.openqa.selenium.remote.RemoteWebDriver.findElement(RemoteWebDriver.java:315)
at org.openqa.selenium.support.pagefactory.DefaultElementLocator.findElement(DefaultElementLocator.java:69)
at org.openqa.selenium.support.pagefactory.internal.LocatingElementHandler.invoke(LocatingElementHandler.java:38)
at com.sun.proxy.$Proxy9.click(Unknown Source)
at page.ManageClaimPage.InsuranceApprove(ManageClaimPage.java:167)
at script.Settlement_Insurance_Maker_Approve_Test.Insurance_Maker_Approve(Settlement_Insurance_Maker_Approve_Test.java:49)
at sun.reflect.NativeMethodAccessorImpl.invoke0(Native Method)
at sun.reflect.NativeMethodAccessorImpl.invoke(NativeMethodAccessorImpl.java:62)
at sun.reflect.DelegatingMethodAccessorImpl.invoke(DelegatingMethodAccessorImpl.java:43)
at java.lang.reflect.Method.invoke(Method.java:498)
at org.testng.internal.MethodInvocationHelper.invokeMethod(MethodInvocationHelper.java:124)
at org.testng.internal.Invoker.invokeMethod(Invoker.java:580)
at org.testng.internal.Invoker.invokeTestMethod(Invoker.java:716)
at org.testng.internal.Invoker.invokeTestMethods(Invoker.java:988)
at org.testng.internal.TestMethodWorker.invokeTestMethods(TestMethodWorker.java:125)
at org.testng.internal.TestMethodWorker.run(TestMethodWorker.java:109)
at org.testng.TestRunner.privateRun(TestRunner.java:648)
at org.testng.TestRunner.run(TestRunner.java:505)
at org.testng.SuiteRunner.runTest(SuiteRunner.java:455)
at org.testng.SuiteRunner.runSequentially(SuiteRunner.java:450)
at org.testng.SuiteRunner.privateRun(SuiteRunner.java:415)
at org.testng.SuiteRunner.run(SuiteRunner.java:364)
at org.testng.SuiteRunnerWorker.runSuite(SuiteRunnerWorker.java:52)
at org.testng.SuiteRunnerWorker.run(SuiteRunnerWorker.java:84)
at org.testng.TestNG.runSuitesSequentially(TestNG.java:1208)
at org.testng.TestNG.runSuitesLocally(TestNG.java:1137)
at org.testng.TestNG.runSuites(TestNG.java:1049)
at org.testng.TestNG.run(TestNG.java:1017)
at org.testng.remote.AbstractRemoteTestNG.run(AbstractRemoteTestNG.java:114)
at org.testng.remote.RemoteTestNG.initAndRun(RemoteTestNG.java:251)
at org.testng.remote.RemoteTestNG.main(RemoteTestNG.java:77)
]]>
            </full-stacktrace>
          </exception> <!-- org.openqa.selenium.NoSuchElementException -->
          <reporter-output>
          </reporter-output>
        </test-method> <!-- Insurance_Maker_Approve -->
        <test-method status="PASS" signature="Logout()[pri:0, instance:script.Settlement_Insurance_Maker_Approve_Test@4f7d0008]" name="Logout" is-config="true" duration-ms="1855" started-at="2019-05-03T04:32:18Z" finished-at="2019-05-03T04:32:19Z">
          <reporter-output>
          </reporter-output>
        </test-method> <!-- Logout -->
        <test-method status="PASS" signature="closeApp(org.testng.ITestResult)[pri:0, instance:script.Settlement_Insurance_Maker_Approve_Test@4f7d0008]" name="closeApp" is-config="true" duration-ms="1471" started-at="2019-05-03T04:32:19Z" finished-at="2019-05-03T04:32:21Z">
          <params>
            <param index="0">
              <value>
                <![CDATA[[TestResult name=Insurance_Maker_Approve status=FAILURE method=Settlement_Insurance_Maker_Approve_Test.Insurance_Maker_Approve()[pri:8, instance:script.Settlement_Insurance_Maker_Approve_Test@4f7d0008] output={null}]]]>
              </value>
            </param>
          </params>
          <reporter-output>
            <line>
              <![CDATA[Insurance_Maker_Approve is FAILED]]>
            </line>
          </reporter-output>
        </test-method> <!-- closeApp -->
      </class> <!-- script.Settlement_Insurance_Maker_Approve_Test -->
      <class name="script.Settelement_insurance_Checker_Approve_Test">
        <test-method status="PASS" signature="openApp()[pri:0, instance:script.Settelement_insurance_Checker_Approve_Test@42dafa95]" name="openApp" is-config="true" duration-ms="8224" started-at="2019-05-03T04:32:21Z" finished-at="2019-05-03T04:32:29Z">
          <reporter-output>
          </reporter-output>
        </test-method> <!-- openApp -->
        <test-method status="PASS" signature="Login()[pri:0, instance:script.Settelement_insurance_Checker_Approve_Test@42dafa95]" name="Login" is-config="true" duration-ms="4835" started-at="2019-05-03T04:32:29Z" finished-at="2019-05-03T04:32:34Z">
          <reporter-output>
          </reporter-output>
        </test-method> <!-- Login -->
        <test-method status="FAIL" signature="Insurance_Checker_Approve()[pri:9, instance:script.Settelement_insurance_Checker_Approve_Test@42dafa95]" name="Insurance_Checker_Approve" duration-ms="33587" started-at="2019-05-03T04:32:34Z" finished-at="2019-05-03T04:33:08Z">
          <exception class="org.openqa.selenium.NoSuchElementException">
            <message>
              <![CDATA[Unable to locate element: Approve
For documentation on this error, please visit: https://www.seleniumhq.org/exceptions/no_such_element.html
Build info: version: '3.141.59', revision: 'e82be7d358', time: '2018-11-14T08:17:03'
System info: host: 'IXED-LAP0263', ip: '127.0.1.1', os.name: 'Linux', os.arch: 'amd64', os.version: '3.13.0-153-generic', java.version: '1.8.0_171'
Driver info: org.openqa.selenium.firefox.FirefoxDriver
Capabilities {acceptInsecureCerts: true, browserName: firefox, browserVersion: 61.0.1, javascriptEnabled: true, moz:accessibilityChecks: false, moz:headless: false, moz:processID: 5352, moz:profile: /tmp/rust_mozprofile.X1sntK..., moz:useNonSpecCompliantPointerOrigin: false, moz:webdriverClick: true, pageLoadStrategy: normal, platform: LINUX, platformName: LINUX, platformVersion: 3.13.0-153-generic, rotatable: false, timeouts: {implicit: 0, pageLoad: 300000, script: 30000}}
Session ID: 75a7244f-b25e-42d4-95aa-1491189656e3
*** Element info: {Using=link text, value=Approve}]]>
            </message>
            <full-stacktrace>
              <![CDATA[org.openqa.selenium.NoSuchElementException: Unable to locate element: Approve
For documentation on this error, please visit: https://www.seleniumhq.org/exceptions/no_such_element.html
Build info: version: '3.141.59', revision: 'e82be7d358', time: '2018-11-14T08:17:03'
System info: host: 'IXED-LAP0263', ip: '127.0.1.1', os.name: 'Linux', os.arch: 'amd64', os.version: '3.13.0-153-generic', java.version: '1.8.0_171'
Driver info: org.openqa.selenium.firefox.FirefoxDriver
Capabilities {acceptInsecureCerts: true, browserName: firefox, browserVersion: 61.0.1, javascriptEnabled: true, moz:accessibilityChecks: false, moz:headless: false, moz:processID: 5352, moz:profile: /tmp/rust_mozprofile.X1sntK..., moz:useNonSpecCompliantPointerOrigin: false, moz:webdriverClick: true, pageLoadStrategy: normal, platform: LINUX, platformName: LINUX, platformVersion: 3.13.0-153-generic, rotatable: false, timeouts: {implicit: 0, pageLoad: 300000, script: 30000}}
Session ID: 75a7244f-b25e-42d4-95aa-1491189656e3
*** Element info: {Using=link text, value=Approve}
at sun.reflect.NativeConstructorAccessorImpl.newInstance0(Native Method)
at sun.reflect.NativeConstructorAccessorImpl.newInstance(NativeConstructorAccessorImpl.java:62)
at sun.reflect.DelegatingConstructorAccessorImpl.newInstance(DelegatingConstructorAccessorImpl.java:45)
at java.lang.reflect.Constructor.newInstance(Constructor.java:423)
at org.openqa.selenium.remote.http.W3CHttpResponseCodec.createException(W3CHttpResponseCodec.java:187)
at org.openqa.selenium.remote.http.W3CHttpResponseCodec.decode(W3CHttpResponseCodec.java:122)
at org.openqa.selenium.remote.http.W3CHttpResponseCodec.decode(W3CHttpResponseCodec.java:49)
at org.openqa.selenium.remote.HttpCommandExecutor.execute(HttpCommandExecutor.java:158)
at org.openqa.selenium.remote.service.DriverCommandExecutor.execute(DriverCommandExecutor.java:83)
at org.openqa.selenium.remote.RemoteWebDriver.execute(RemoteWebDriver.java:552)
at org.openqa.selenium.remote.RemoteWebDriver.findElement(RemoteWebDriver.java:323)
at org.openqa.selenium.remote.RemoteWebDriver.findElementByLinkText(RemoteWebDriver.java:380)
at org.openqa.selenium.By$ByLinkText.findElement(By.java:220)
at org.openqa.selenium.remote.RemoteWebDriver.findElement(RemoteWebDriver.java:315)
at org.openqa.selenium.support.pagefactory.DefaultElementLocator.findElement(DefaultElementLocator.java:69)
at org.openqa.selenium.support.pagefactory.internal.LocatingElementHandler.invoke(LocatingElementHandler.java:38)
at com.sun.proxy.$Proxy9.click(Unknown Source)
at page.ManageClaimPage.InsurancechkApprove(ManageClaimPage.java:186)
at script.Settelement_insurance_Checker_Approve_Test.Insurance_Checker_Approve(Settelement_insurance_Checker_Approve_Test.java:47)
at sun.reflect.NativeMethodAccessorImpl.invoke0(Native Method)
at sun.reflect.NativeMethodAccessorImpl.invoke(NativeMethodAccessorImpl.java:62)
at sun.reflect.DelegatingMethodAccessorImpl.invoke(DelegatingMethodAccessorImpl.java:43)
at java.lang.reflect.Method.invoke(Method.java:498)
at org.testng.internal.MethodInvocationHelper.invokeMethod(MethodInvocationHelper.java:124)
at org.testng.internal.Invoker.invokeMethod(Invoker.java:580)
at org.testng.internal.Invoker.invokeTestMethod(Invoker.java:716)
at org.testng.internal.Invoker.invokeTestMethods(Invoker.java:988)
at org.testng.internal.TestMethodWorker.invokeTestMethods(TestMethodWorker.java:125)
at org.testng.internal.TestMethodWorker.run(TestMethodWorker.java:109)
at org.testng.TestRunner.privateRun(TestRunner.java:648)
at org.testng.TestRunner.run(TestRunner.java:505)
at org.testng.SuiteRunner.runTest(SuiteRunner.java:455)
at org.testng.SuiteRunner.runSequentially(SuiteRunner.java:450)
at org.testng.SuiteRunner.privateRun(SuiteRunner.java:415)
at org.testng.SuiteRunner.run(SuiteRunner.java:364)
at org.testng.SuiteRunnerWorker.runSuite(SuiteRunnerWorker.java:52)
at org.testng.SuiteRunnerWorker.run(SuiteRunnerWorker.java:84)
at org.testng.TestNG.runSuitesSequentially(TestNG.java:1208)
at org.testng.TestNG.runSuitesLocally(TestNG.java:1137)
at org.testng.TestNG.runSuites(TestNG.java:1049)
at org.testng.TestNG.run(TestNG.java:1017)
at org.testng.remote.AbstractRemoteTestNG.run(AbstractRemoteTestNG.java:114)
at org.testng.remote.RemoteTestNG.initAndRun(RemoteTestNG.java:251)
at org.testng.remote.RemoteTestNG.main(RemoteTestNG.java:77)
]]>
            </full-stacktrace>
          </exception> <!-- org.openqa.selenium.NoSuchElementException -->
          <reporter-output>
          </reporter-output>
        </test-method> <!-- Insurance_Checker_Approve -->
        <test-method status="PASS" signature="Logout()[pri:0, instance:script.Settelement_insurance_Checker_Approve_Test@42dafa95]" name="Logout" is-config="true" duration-ms="1883" started-at="2019-05-03T04:33:08Z" finished-at="2019-05-03T04:33:09Z">
          <reporter-output>
          </reporter-output>
        </test-method> <!-- Logout -->
        <test-method status="PASS" signature="closeApp(org.testng.ITestResult)[pri:0, instance:script.Settelement_insurance_Checker_Approve_Test@42dafa95]" name="closeApp" is-config="true" duration-ms="1730" started-at="2019-05-03T04:33:09Z" finished-at="2019-05-03T04:33:11Z">
          <params>
            <param index="0">
              <value>
                <![CDATA[[TestResult name=Insurance_Checker_Approve status=FAILURE method=Settelement_insurance_Checker_Approve_Test.Insurance_Checker_Approve()[pri:9, instance:script.Settelement_insurance_Checker_Approve_Test@42dafa95] output={null}]]]>
              </value>
            </param>
          </params>
          <reporter-output>
            <line>
              <![CDATA[Insurance_Checker_Approve is FAILED]]>
            </line>
          </reporter-output>
        </test-method> <!-- closeApp -->
      </class> <!-- script.Settelement_insurance_Checker_Approve_Test -->
      <class name="script.Settlement_Settled_To_Nominee_PendingAMConfirmation_Test">
        <test-method status="PASS" signature="openApp()[pri:0, instance:script.Settlement_Settled_To_Nominee_PendingAMConfirmation_Test@2f686d1f]" name="openApp" is-config="true" duration-ms="8025" started-at="2019-05-03T04:36:25Z" finished-at="2019-05-03T04:36:33Z">
          <reporter-output>
          </reporter-output>
        </test-method> <!-- openApp -->
        <test-method status="PASS" signature="Login()[pri:0, instance:script.Settlement_Settled_To_Nominee_PendingAMConfirmation_Test@2f686d1f]" name="Login" is-config="true" duration-ms="2759" started-at="2019-05-03T04:36:33Z" finished-at="2019-05-03T04:36:36Z">
          <reporter-output>
          </reporter-output>
        </test-method> <!-- Login -->
        <test-method status="FAIL" signature="Settled_to_Nominee_pending_OM_Conf()[pri:14, instance:script.Settlement_Settled_To_Nominee_PendingAMConfirmation_Test@2f686d1f]" name="Settled_to_Nominee_pending_OM_Conf" duration-ms="33301" started-at="2019-05-03T04:36:36Z" finished-at="2019-05-03T04:37:09Z">
          <exception class="org.openqa.selenium.NoSuchElementException">
            <message>
              <![CDATA[Unable to locate element: Approve
For documentation on this error, please visit: https://www.seleniumhq.org/exceptions/no_such_element.html
Build info: version: '3.141.59', revision: 'e82be7d358', time: '2018-11-14T08:17:03'
System info: host: 'IXED-LAP0263', ip: '127.0.1.1', os.name: 'Linux', os.arch: 'amd64', os.version: '3.13.0-153-generic', java.version: '1.8.0_171'
Driver info: org.openqa.selenium.firefox.FirefoxDriver
Capabilities {acceptInsecureCerts: true, browserName: firefox, browserVersion: 61.0.1, javascriptEnabled: true, moz:accessibilityChecks: false, moz:headless: false, moz:processID: 6354, moz:profile: /tmp/rust_mozprofile.JnAeHS..., moz:useNonSpecCompliantPointerOrigin: false, moz:webdriverClick: true, pageLoadStrategy: normal, platform: LINUX, platformName: LINUX, platformVersion: 3.13.0-153-generic, rotatable: false, timeouts: {implicit: 0, pageLoad: 300000, script: 30000}}
Session ID: 51d891e5-7314-44aa-8621-f54204a2457b
*** Element info: {Using=link text, value=Approve}]]>
            </message>
            <full-stacktrace>
              <![CDATA[org.openqa.selenium.NoSuchElementException: Unable to locate element: Approve
For documentation on this error, please visit: https://www.seleniumhq.org/exceptions/no_such_element.html
Build info: version: '3.141.59', revision: 'e82be7d358', time: '2018-11-14T08:17:03'
System info: host: 'IXED-LAP0263', ip: '127.0.1.1', os.name: 'Linux', os.arch: 'amd64', os.version: '3.13.0-153-generic', java.version: '1.8.0_171'
Driver info: org.openqa.selenium.firefox.FirefoxDriver
Capabilities {acceptInsecureCerts: true, browserName: firefox, browserVersion: 61.0.1, javascriptEnabled: true, moz:accessibilityChecks: false, moz:headless: false, moz:processID: 6354, moz:profile: /tmp/rust_mozprofile.JnAeHS..., moz:useNonSpecCompliantPointerOrigin: false, moz:webdriverClick: true, pageLoadStrategy: normal, platform: LINUX, platformName: LINUX, platformVersion: 3.13.0-153-generic, rotatable: false, timeouts: {implicit: 0, pageLoad: 300000, script: 30000}}
Session ID: 51d891e5-7314-44aa-8621-f54204a2457b
*** Element info: {Using=link text, value=Approve}
at sun.reflect.NativeConstructorAccessorImpl.newInstance0(Native Method)
at sun.reflect.NativeConstructorAccessorImpl.newInstance(NativeConstructorAccessorImpl.java:62)
at sun.reflect.DelegatingConstructorAccessorImpl.newInstance(DelegatingConstructorAccessorImpl.java:45)
at java.lang.reflect.Constructor.newInstance(Constructor.java:423)
at org.openqa.selenium.remote.http.W3CHttpResponseCodec.createException(W3CHttpResponseCodec.java:187)
at org.openqa.selenium.remote.http.W3CHttpResponseCodec.decode(W3CHttpResponseCodec.java:122)
at org.openqa.selenium.remote.http.W3CHttpResponseCodec.decode(W3CHttpResponseCodec.java:49)
at org.openqa.selenium.remote.HttpCommandExecutor.execute(HttpCommandExecutor.java:158)
at org.openqa.selenium.remote.service.DriverCommandExecutor.execute(DriverCommandExecutor.java:83)
at org.openqa.selenium.remote.RemoteWebDriver.execute(RemoteWebDriver.java:552)
at org.openqa.selenium.remote.RemoteWebDriver.findElement(RemoteWebDriver.java:323)
at org.openqa.selenium.remote.RemoteWebDriver.findElementByLinkText(RemoteWebDriver.java:380)
at org.openqa.selenium.By$ByLinkText.findElement(By.java:220)
at org.openqa.selenium.remote.RemoteWebDriver.findElement(RemoteWebDriver.java:315)
at org.openqa.selenium.support.pagefactory.DefaultElementLocator.findElement(DefaultElementLocator.java:69)
at org.openqa.selenium.support.pagefactory.internal.LocatingElementHandler.invoke(LocatingElementHandler.java:38)
at com.sun.proxy.$Proxy9.click(Unknown Source)
at page.ManageClaimPage.Settle_NomineeOMConf(ManageClaimPage.java:316)
at script.Settlement_Settled_To_Nominee_PendingAMConfirmation_Test.Settled_to_Nominee_pending_OM_Conf(Settlement_Settled_To_Nominee_PendingAMConfirmation_Test.java:41)
at sun.reflect.NativeMethodAccessorImpl.invoke0(Native Method)
at sun.reflect.NativeMethodAccessorImpl.invoke(NativeMethodAccessorImpl.java:62)
at sun.reflect.DelegatingMethodAccessorImpl.invoke(DelegatingMethodAccessorImpl.java:43)
at java.lang.reflect.Method.invoke(Method.java:498)
at org.testng.internal.MethodInvocationHelper.invokeMethod(MethodInvocationHelper.java:124)
at org.testng.internal.Invoker.invokeMethod(Invoker.java:580)
at org.testng.internal.Invoker.invokeTestMethod(Invoker.java:716)
at org.testng.internal.Invoker.invokeTestMethods(Invoker.java:988)
at org.testng.internal.TestMethodWorker.invokeTestMethods(TestMethodWorker.java:125)
at org.testng.internal.TestMethodWorker.run(TestMethodWorker.java:109)
at org.testng.TestRunner.privateRun(TestRunner.java:648)
at org.testng.TestRunner.run(TestRunner.java:505)
at org.testng.SuiteRunner.runTest(SuiteRunner.java:455)
at org.testng.SuiteRunner.runSequentially(SuiteRunner.java:450)
at org.testng.SuiteRunner.privateRun(SuiteRunner.java:415)
at org.testng.SuiteRunner.run(SuiteRunner.java:364)
at org.testng.SuiteRunnerWorker.runSuite(SuiteRunnerWorker.java:52)
at org.testng.SuiteRunnerWorker.run(SuiteRunnerWorker.java:84)
at org.testng.TestNG.runSuitesSequentially(TestNG.java:1208)
at org.testng.TestNG.runSuitesLocally(TestNG.java:1137)
at org.testng.TestNG.runSuites(TestNG.java:1049)
at org.testng.TestNG.run(TestNG.java:1017)
at org.testng.remote.AbstractRemoteTestNG.run(AbstractRemoteTestNG.java:114)
at org.testng.remote.RemoteTestNG.initAndRun(RemoteTestNG.java:251)
at org.testng.remote.RemoteTestNG.main(RemoteTestNG.java:77)
]]>
            </full-stacktrace>
          </exception> <!-- org.openqa.selenium.NoSuchElementException -->
          <reporter-output>
          </reporter-output>
        </test-method> <!-- Settled_to_Nominee_pending_OM_Conf -->
        <test-method status="PASS" signature="closeApp(org.testng.ITestResult)[pri:0, instance:script.Settlement_Settled_To_Nominee_PendingAMConfirmation_Test@2f686d1f]" name="closeApp" is-config="true" duration-ms="1310" started-at="2019-05-03T04:37:09Z" finished-at="2019-05-03T04:37:11Z">
          <params>
            <param index="0">
              <value>
                <![CDATA[[TestResult name=Settled_to_Nominee_pending_OM_Conf status=FAILURE method=Settlement_Settled_To_Nominee_PendingAMConfirmation_Test.Settled_to_Nominee_pending_OM_Conf()[pri:14, instance:script.Settlement_Settled_To_Nominee_PendingAMConfirmation_Test@2f686d1f] output={null}]]]>
              </value>
            </param>
          </params>
          <reporter-output>
            <line>
              <![CDATA[Settled_to_Nominee_pending_OM_Conf is FAILED]]>
            </line>
          </reporter-output>
        </test-method> <!-- closeApp -->
      </class> <!-- script.Settlement_Settled_To_Nominee_PendingAMConfirmation_Test -->
      <class name="script.Settlement_Sent_To_Insurer_Test">
        <test-method status="PASS" signature="openApp()[pri:0, instance:script.Settlement_Sent_To_Insurer_Test@589838eb]" name="openApp" is-config="true" duration-ms="8063" started-at="2019-05-03T04:33:11Z" finished-at="2019-05-03T04:33:19Z">
          <reporter-output>
          </reporter-output>
        </test-method> <!-- openApp -->
        <test-method status="PASS" signature="Login()[pri:0, instance:script.Settlement_Sent_To_Insurer_Test@589838eb]" name="Login" is-config="true" duration-ms="4709" started-at="2019-05-03T04:33:19Z" finished-at="2019-05-03T04:33:24Z">
          <reporter-output>
          </reporter-output>
        </test-method> <!-- Login -->
        <test-method status="FAIL" signature="Sent_To_insurer()[pri:10, instance:script.Settlement_Sent_To_Insurer_Test@589838eb]" name="Sent_To_insurer" duration-ms="31746" started-at="2019-05-03T04:33:24Z" finished-at="2019-05-03T04:33:56Z">
          <exception class="org.openqa.selenium.NoSuchElementException">
            <message>
              <![CDATA[Unable to locate element: Sent To Insurer
For documentation on this error, please visit: https://www.seleniumhq.org/exceptions/no_such_element.html
Build info: version: '3.141.59', revision: 'e82be7d358', time: '2018-11-14T08:17:03'
System info: host: 'IXED-LAP0263', ip: '127.0.1.1', os.name: 'Linux', os.arch: 'amd64', os.version: '3.13.0-153-generic', java.version: '1.8.0_171'
Driver info: org.openqa.selenium.firefox.FirefoxDriver
Capabilities {acceptInsecureCerts: true, browserName: firefox, browserVersion: 61.0.1, javascriptEnabled: true, moz:accessibilityChecks: false, moz:headless: false, moz:processID: 5544, moz:profile: /tmp/rust_mozprofile.I6NKNR..., moz:useNonSpecCompliantPointerOrigin: false, moz:webdriverClick: true, pageLoadStrategy: normal, platform: LINUX, platformName: LINUX, platformVersion: 3.13.0-153-generic, rotatable: false, timeouts: {implicit: 0, pageLoad: 300000, script: 30000}}
Session ID: 1345453c-98ad-446f-91b2-8a0b7f7e5876
*** Element info: {Using=link text, value=Sent To Insurer}]]>
            </message>
            <full-stacktrace>
              <![CDATA[org.openqa.selenium.NoSuchElementException: Unable to locate element: Sent To Insurer
For documentation on this error, please visit: https://www.seleniumhq.org/exceptions/no_such_element.html
Build info: version: '3.141.59', revision: 'e82be7d358', time: '2018-11-14T08:17:03'
System info: host: 'IXED-LAP0263', ip: '127.0.1.1', os.name: 'Linux', os.arch: 'amd64', os.version: '3.13.0-153-generic', java.version: '1.8.0_171'
Driver info: org.openqa.selenium.firefox.FirefoxDriver
Capabilities {acceptInsecureCerts: true, browserName: firefox, browserVersion: 61.0.1, javascriptEnabled: true, moz:accessibilityChecks: false, moz:headless: false, moz:processID: 5544, moz:profile: /tmp/rust_mozprofile.I6NKNR..., moz:useNonSpecCompliantPointerOrigin: false, moz:webdriverClick: true, pageLoadStrategy: normal, platform: LINUX, platformName: LINUX, platformVersion: 3.13.0-153-generic, rotatable: false, timeouts: {implicit: 0, pageLoad: 300000, script: 30000}}
Session ID: 1345453c-98ad-446f-91b2-8a0b7f7e5876
*** Element info: {Using=link text, value=Sent To Insurer}
at sun.reflect.NativeConstructorAccessorImpl.newInstance0(Native Method)
at sun.reflect.NativeConstructorAccessorImpl.newInstance(NativeConstructorAccessorImpl.java:62)
at sun.reflect.DelegatingConstructorAccessorImpl.newInstance(DelegatingConstructorAccessorImpl.java:45)
at java.lang.reflect.Constructor.newInstance(Constructor.java:423)
at org.openqa.selenium.remote.http.W3CHttpResponseCodec.createException(W3CHttpResponseCodec.java:187)
at org.openqa.selenium.remote.http.W3CHttpResponseCodec.decode(W3CHttpResponseCodec.java:122)
at org.openqa.selenium.remote.http.W3CHttpResponseCodec.decode(W3CHttpResponseCodec.java:49)
at org.openqa.selenium.remote.HttpCommandExecutor.execute(HttpCommandExecutor.java:158)
at org.openqa.selenium.remote.service.DriverCommandExecutor.execute(DriverCommandExecutor.java:83)
at org.openqa.selenium.remote.RemoteWebDriver.execute(RemoteWebDriver.java:552)
at org.openqa.selenium.remote.RemoteWebDriver.findElement(RemoteWebDriver.java:323)
at org.openqa.selenium.remote.RemoteWebDriver.findElementByLinkText(RemoteWebDriver.java:380)
at org.openqa.selenium.By$ByLinkText.findElement(By.java:220)
at org.openqa.selenium.remote.RemoteWebDriver.findElement(RemoteWebDriver.java:315)
at org.openqa.selenium.support.pagefactory.DefaultElementLocator.findElement(DefaultElementLocator.java:69)
at org.openqa.selenium.support.pagefactory.internal.LocatingElementHandler.invoke(LocatingElementHandler.java:38)
at com.sun.proxy.$Proxy9.click(Unknown Source)
at page.ManageClaimPage.SenttoInsurer(ManageClaimPage.java:206)
at script.Settlement_Sent_To_Insurer_Test.Sent_To_insurer(Settlement_Sent_To_Insurer_Test.java:48)
at sun.reflect.NativeMethodAccessorImpl.invoke0(Native Method)
at sun.reflect.NativeMethodAccessorImpl.invoke(NativeMethodAccessorImpl.java:62)
at sun.reflect.DelegatingMethodAccessorImpl.invoke(DelegatingMethodAccessorImpl.java:43)
at java.lang.reflect.Method.invoke(Method.java:498)
at org.testng.internal.MethodInvocationHelper.invokeMethod(MethodInvocationHelper.java:124)
at org.testng.internal.Invoker.invokeMethod(Invoker.java:580)
at org.testng.internal.Invoker.invokeTestMethod(Invoker.java:716)
at org.testng.internal.Invoker.invokeTestMethods(Invoker.java:988)
at org.testng.internal.TestMethodWorker.invokeTestMethods(TestMethodWorker.java:125)
at org.testng.internal.TestMethodWorker.run(TestMethodWorker.java:109)
at org.testng.TestRunner.privateRun(TestRunner.java:648)
at org.testng.TestRunner.run(TestRunner.java:505)
at org.testng.SuiteRunner.runTest(SuiteRunner.java:455)
at org.testng.SuiteRunner.runSequentially(SuiteRunner.java:450)
at org.testng.SuiteRunner.privateRun(SuiteRunner.java:415)
at org.testng.SuiteRunner.run(SuiteRunner.java:364)
at org.testng.SuiteRunnerWorker.runSuite(SuiteRunnerWorker.java:52)
at org.testng.SuiteRunnerWorker.run(SuiteRunnerWorker.java:84)
at org.testng.TestNG.runSuitesSequentially(TestNG.java:1208)
at org.testng.TestNG.runSuitesLocally(TestNG.java:1137)
at org.testng.TestNG.runSuites(TestNG.java:1049)
at org.testng.TestNG.run(TestNG.java:1017)
at org.testng.remote.AbstractRemoteTestNG.run(AbstractRemoteTestNG.java:114)
at org.testng.remote.RemoteTestNG.initAndRun(RemoteTestNG.java:251)
at org.testng.remote.RemoteTestNG.main(RemoteTestNG.java:77)
]]>
            </full-stacktrace>
          </exception> <!-- org.openqa.selenium.NoSuchElementException -->
          <reporter-output>
          </reporter-output>
        </test-method> <!-- Sent_To_insurer -->
        <test-method status="PASS" signature="Logout()[pri:0, instance:script.Settlement_Sent_To_Insurer_Test@589838eb]" name="Logout" is-config="true" duration-ms="1896" started-at="2019-05-03T04:33:56Z" finished-at="2019-05-03T04:33:58Z">
          <reporter-output>
          </reporter-output>
        </test-method> <!-- Logout -->
        <test-method status="PASS" signature="closeApp(org.testng.ITestResult)[pri:0, instance:script.Settlement_Sent_To_Insurer_Test@589838eb]" name="closeApp" is-config="true" duration-ms="1468" started-at="2019-05-03T04:33:58Z" finished-at="2019-05-03T04:33:59Z">
          <params>
            <param index="0">
              <value>
                <![CDATA[[TestResult name=Sent_To_insurer status=FAILURE method=Settlement_Sent_To_Insurer_Test.Sent_To_insurer()[pri:10, instance:script.Settlement_Sent_To_Insurer_Test@589838eb] output={null}]]]>
              </value>
            </param>
          </params>
          <reporter-output>
            <line>
              <![CDATA[Sent_To_insurer is FAILED]]>
            </line>
          </reporter-output>
        </test-method> <!-- closeApp -->
      </class> <!-- script.Settlement_Sent_To_Insurer_Test -->
      <class name="script.Claim_Approve_INOPS_Test">
        <test-method status="PASS" signature="openApp()[pri:0, instance:script.Claim_Approve_INOPS_Test@6500df86]" name="openApp" is-config="true" duration-ms="10713" started-at="2019-05-03T04:29:57Z" finished-at="2019-05-03T04:30:08Z">
          <reporter-output>
          </reporter-output>
        </test-method> <!-- openApp -->
        <test-method status="PASS" signature="Login()[pri:0, instance:script.Claim_Approve_INOPS_Test@6500df86]" name="Login" is-config="true" duration-ms="6684" started-at="2019-05-03T04:30:08Z" finished-at="2019-05-03T04:30:15Z">
          <reporter-output>
          </reporter-output>
        </test-method> <!-- Login -->
        <test-method status="FAIL" signature="Claim_Approve()[pri:6, instance:script.Claim_Approve_INOPS_Test@6500df86]" name="Claim_Approve" duration-ms="28477" started-at="2019-05-03T04:30:15Z" finished-at="2019-05-03T04:30:43Z">
          <exception class="org.openqa.selenium.NoSuchElementException">
            <message>
              <![CDATA[Unable to locate element: Approve
For documentation on this error, please visit: https://www.seleniumhq.org/exceptions/no_such_element.html
Build info: version: '3.141.59', revision: 'e82be7d358', time: '2018-11-14T08:17:03'
System info: host: 'IXED-LAP0263', ip: '127.0.1.1', os.name: 'Linux', os.arch: 'amd64', os.version: '3.13.0-153-generic', java.version: '1.8.0_171'
Driver info: org.openqa.selenium.firefox.FirefoxDriver
Capabilities {acceptInsecureCerts: true, browserName: firefox, browserVersion: 61.0.1, javascriptEnabled: true, moz:accessibilityChecks: false, moz:headless: false, moz:processID: 4688, moz:profile: /tmp/rust_mozprofile.TkySrJ..., moz:useNonSpecCompliantPointerOrigin: false, moz:webdriverClick: true, pageLoadStrategy: normal, platform: LINUX, platformName: LINUX, platformVersion: 3.13.0-153-generic, rotatable: false, timeouts: {implicit: 0, pageLoad: 300000, script: 30000}}
Session ID: 0972c592-d3c9-4283-93ac-bcedecc6a53f
*** Element info: {Using=link text, value=Approve}]]>
            </message>
            <full-stacktrace>
              <![CDATA[org.openqa.selenium.NoSuchElementException: Unable to locate element: Approve
For documentation on this error, please visit: https://www.seleniumhq.org/exceptions/no_such_element.html
Build info: version: '3.141.59', revision: 'e82be7d358', time: '2018-11-14T08:17:03'
System info: host: 'IXED-LAP0263', ip: '127.0.1.1', os.name: 'Linux', os.arch: 'amd64', os.version: '3.13.0-153-generic', java.version: '1.8.0_171'
Driver info: org.openqa.selenium.firefox.FirefoxDriver
Capabilities {acceptInsecureCerts: true, browserName: firefox, browserVersion: 61.0.1, javascriptEnabled: true, moz:accessibilityChecks: false, moz:headless: false, moz:processID: 4688, moz:profile: /tmp/rust_mozprofile.TkySrJ..., moz:useNonSpecCompliantPointerOrigin: false, moz:webdriverClick: true, pageLoadStrategy: normal, platform: LINUX, platformName: LINUX, platformVersion: 3.13.0-153-generic, rotatable: false, timeouts: {implicit: 0, pageLoad: 300000, script: 30000}}
Session ID: 0972c592-d3c9-4283-93ac-bcedecc6a53f
*** Element info: {Using=link text, value=Approve}
at sun.reflect.NativeConstructorAccessorImpl.newInstance0(Native Method)
at sun.reflect.NativeConstructorAccessorImpl.newInstance(NativeConstructorAccessorImpl.java:62)
at sun.reflect.DelegatingConstructorAccessorImpl.newInstance(DelegatingConstructorAccessorImpl.java:45)
at java.lang.reflect.Constructor.newInstance(Constructor.java:423)
at org.openqa.selenium.remote.http.W3CHttpResponseCodec.createException(W3CHttpResponseCodec.java:187)
at org.openqa.selenium.remote.http.W3CHttpResponseCodec.decode(W3CHttpResponseCodec.java:122)
at org.openqa.selenium.remote.http.W3CHttpResponseCodec.decode(W3CHttpResponseCodec.java:49)
at org.openqa.selenium.remote.HttpCommandExecutor.execute(HttpCommandExecutor.java:158)
at org.openqa.selenium.remote.service.DriverCommandExecutor.execute(DriverCommandExecutor.java:83)
at org.openqa.selenium.remote.RemoteWebDriver.execute(RemoteWebDriver.java:552)
at org.openqa.selenium.remote.RemoteWebDriver.findElement(RemoteWebDriver.java:323)
at org.openqa.selenium.remote.RemoteWebDriver.findElementByLinkText(RemoteWebDriver.java:380)
at org.openqa.selenium.By$ByLinkText.findElement(By.java:220)
at org.openqa.selenium.remote.RemoteWebDriver.findElement(RemoteWebDriver.java:315)
at org.openqa.selenium.support.pagefactory.DefaultElementLocator.findElement(DefaultElementLocator.java:69)
at org.openqa.selenium.support.pagefactory.internal.LocatingElementHandler.invoke(LocatingElementHandler.java:38)
at com.sun.proxy.$Proxy9.click(Unknown Source)
at page.ManageClaimPage.InsuranceOPSApprove(ManageClaimPage.java:147)
at script.Claim_Approve_INOPS_Test.Claim_Approve(Claim_Approve_INOPS_Test.java:46)
at sun.reflect.NativeMethodAccessorImpl.invoke0(Native Method)
at sun.reflect.NativeMethodAccessorImpl.invoke(NativeMethodAccessorImpl.java:62)
at sun.reflect.DelegatingMethodAccessorImpl.invoke(DelegatingMethodAccessorImpl.java:43)
at java.lang.reflect.Method.invoke(Method.java:498)
at org.testng.internal.MethodInvocationHelper.invokeMethod(MethodInvocationHelper.java:124)
at org.testng.internal.Invoker.invokeMethod(Invoker.java:580)
at org.testng.internal.Invoker.invokeTestMethod(Invoker.java:716)
at org.testng.internal.Invoker.invokeTestMethods(Invoker.java:988)
at org.testng.internal.TestMethodWorker.invokeTestMethods(TestMethodWorker.java:125)
at org.testng.internal.TestMethodWorker.run(TestMethodWorker.java:109)
at org.testng.TestRunner.privateRun(TestRunner.java:648)
at org.testng.TestRunner.run(TestRunner.java:505)
at org.testng.SuiteRunner.runTest(SuiteRunner.java:455)
at org.testng.SuiteRunner.runSequentially(SuiteRunner.java:450)
at org.testng.SuiteRunner.privateRun(SuiteRunner.java:415)
at org.testng.SuiteRunner.run(SuiteRunner.java:364)
at org.testng.SuiteRunnerWorker.runSuite(SuiteRunnerWorker.java:52)
at org.testng.SuiteRunnerWorker.run(SuiteRunnerWorker.java:84)
at org.testng.TestNG.runSuitesSequentially(TestNG.java:1208)
at org.testng.TestNG.runSuitesLocally(TestNG.java:1137)
at org.testng.TestNG.runSuites(TestNG.java:1049)
at org.testng.TestNG.run(TestNG.java:1017)
at org.testng.remote.AbstractRemoteTestNG.run(AbstractRemoteTestNG.java:114)
at org.testng.remote.RemoteTestNG.initAndRun(RemoteTestNG.java:251)
at org.testng.remote.RemoteTestNG.main(RemoteTestNG.java:77)
]]>
            </full-stacktrace>
          </exception> <!-- org.openqa.selenium.NoSuchElementException -->
          <reporter-output>
          </reporter-output>
        </test-method> <!-- Claim_Approve -->
        <test-method status="PASS" signature="Logout()[pri:0, instance:script.Claim_Approve_INOPS_Test@6500df86]" name="Logout" is-config="true" duration-ms="1927" started-at="2019-05-03T04:30:43Z" finished-at="2019-05-03T04:30:45Z">
          <reporter-output>
          </reporter-output>
        </test-method> <!-- Logout -->
        <test-method status="PASS" signature="closeApp(org.testng.ITestResult)[pri:0, instance:script.Claim_Approve_INOPS_Test@6500df86]" name="closeApp" is-config="true" duration-ms="1296" started-at="2019-05-03T04:30:45Z" finished-at="2019-05-03T04:30:46Z">
          <params>
            <param index="0">
              <value>
                <![CDATA[[TestResult name=Claim_Approve status=FAILURE method=Claim_Approve_INOPS_Test.Claim_Approve()[pri:6, instance:script.Claim_Approve_INOPS_Test@6500df86] output={null}]]]>
              </value>
            </param>
          </params>
          <reporter-output>
            <line>
              <![CDATA[Claim_Approve is FAILED]]>
            </line>
          </reporter-output>
        </test-method> <!-- closeApp -->
      </class> <!-- script.Claim_Approve_INOPS_Test -->
      <class name="script.Settlement_OPEX_SettledtoNominee_Test">
        <test-method status="PASS" signature="openApp()[pri:0, instance:script.Settlement_OPEX_SettledtoNominee_Test@271053e1]" name="openApp" is-config="true" duration-ms="8546" started-at="2019-05-03T04:35:39Z" finished-at="2019-05-03T04:35:48Z">
          <reporter-output>
          </reporter-output>
        </test-method> <!-- openApp -->
        <test-method status="PASS" signature="Login()[pri:0, instance:script.Settlement_OPEX_SettledtoNominee_Test@271053e1]" name="Login" is-config="true" duration-ms="2746" started-at="2019-05-03T04:35:48Z" finished-at="2019-05-03T04:35:51Z">
          <reporter-output>
          </reporter-output>
        </test-method> <!-- Login -->
        <test-method status="FAIL" signature="Settled_To_Nominee()[pri:13, instance:script.Settlement_OPEX_SettledtoNominee_Test@271053e1]" name="Settled_To_Nominee" duration-ms="33258" started-at="2019-05-03T04:35:51Z" finished-at="2019-05-03T04:36:24Z">
          <exception class="org.openqa.selenium.NoSuchElementException">
            <message>
              <![CDATA[Unable to locate element: Settled To Nominee
For documentation on this error, please visit: https://www.seleniumhq.org/exceptions/no_such_element.html
Build info: version: '3.141.59', revision: 'e82be7d358', time: '2018-11-14T08:17:03'
System info: host: 'IXED-LAP0263', ip: '127.0.1.1', os.name: 'Linux', os.arch: 'amd64', os.version: '3.13.0-153-generic', java.version: '1.8.0_171'
Driver info: org.openqa.selenium.firefox.FirefoxDriver
Capabilities {acceptInsecureCerts: true, browserName: firefox, browserVersion: 61.0.1, javascriptEnabled: true, moz:accessibilityChecks: false, moz:headless: false, moz:processID: 6156, moz:profile: /tmp/rust_mozprofile.hWIW5k..., moz:useNonSpecCompliantPointerOrigin: false, moz:webdriverClick: true, pageLoadStrategy: normal, platform: LINUX, platformName: LINUX, platformVersion: 3.13.0-153-generic, rotatable: false, timeouts: {implicit: 0, pageLoad: 300000, script: 30000}}
Session ID: 9823bdb5-b62f-4aac-bb9d-568e6ca7ce30
*** Element info: {Using=link text, value=Settled To Nominee}]]>
            </message>
            <full-stacktrace>
              <![CDATA[org.openqa.selenium.NoSuchElementException: Unable to locate element: Settled To Nominee
For documentation on this error, please visit: https://www.seleniumhq.org/exceptions/no_such_element.html
Build info: version: '3.141.59', revision: 'e82be7d358', time: '2018-11-14T08:17:03'
System info: host: 'IXED-LAP0263', ip: '127.0.1.1', os.name: 'Linux', os.arch: 'amd64', os.version: '3.13.0-153-generic', java.version: '1.8.0_171'
Driver info: org.openqa.selenium.firefox.FirefoxDriver
Capabilities {acceptInsecureCerts: true, browserName: firefox, browserVersion: 61.0.1, javascriptEnabled: true, moz:accessibilityChecks: false, moz:headless: false, moz:processID: 6156, moz:profile: /tmp/rust_mozprofile.hWIW5k..., moz:useNonSpecCompliantPointerOrigin: false, moz:webdriverClick: true, pageLoadStrategy: normal, platform: LINUX, platformName: LINUX, platformVersion: 3.13.0-153-generic, rotatable: false, timeouts: {implicit: 0, pageLoad: 300000, script: 30000}}
Session ID: 9823bdb5-b62f-4aac-bb9d-568e6ca7ce30
*** Element info: {Using=link text, value=Settled To Nominee}
at sun.reflect.NativeConstructorAccessorImpl.newInstance0(Native Method)
at sun.reflect.NativeConstructorAccessorImpl.newInstance(NativeConstructorAccessorImpl.java:62)
at sun.reflect.DelegatingConstructorAccessorImpl.newInstance(DelegatingConstructorAccessorImpl.java:45)
at java.lang.reflect.Constructor.newInstance(Constructor.java:423)
at org.openqa.selenium.remote.http.W3CHttpResponseCodec.createException(W3CHttpResponseCodec.java:187)
at org.openqa.selenium.remote.http.W3CHttpResponseCodec.decode(W3CHttpResponseCodec.java:122)
at org.openqa.selenium.remote.http.W3CHttpResponseCodec.decode(W3CHttpResponseCodec.java:49)
at org.openqa.selenium.remote.HttpCommandExecutor.execute(HttpCommandExecutor.java:158)
at org.openqa.selenium.remote.service.DriverCommandExecutor.execute(DriverCommandExecutor.java:83)
at org.openqa.selenium.remote.RemoteWebDriver.execute(RemoteWebDriver.java:552)
at org.openqa.selenium.remote.RemoteWebDriver.findElement(RemoteWebDriver.java:323)
at org.openqa.selenium.remote.RemoteWebDriver.findElementByLinkText(RemoteWebDriver.java:380)
at org.openqa.selenium.By$ByLinkText.findElement(By.java:220)
at org.openqa.selenium.remote.RemoteWebDriver.findElement(RemoteWebDriver.java:315)
at org.openqa.selenium.support.pagefactory.DefaultElementLocator.findElement(DefaultElementLocator.java:69)
at org.openqa.selenium.support.pagefactory.internal.LocatingElementHandler.invoke(LocatingElementHandler.java:38)
at com.sun.proxy.$Proxy9.click(Unknown Source)
at page.ManageClaimPage.Settle_Nominee(ManageClaimPage.java:287)
at script.Settlement_OPEX_SettledtoNominee_Test.Settled_To_Nominee(Settlement_OPEX_SettledtoNominee_Test.java:41)
at sun.reflect.NativeMethodAccessorImpl.invoke0(Native Method)
at sun.reflect.NativeMethodAccessorImpl.invoke(NativeMethodAccessorImpl.java:62)
at sun.reflect.DelegatingMethodAccessorImpl.invoke(DelegatingMethodAccessorImpl.java:43)
at java.lang.reflect.Method.invoke(Method.java:498)
at org.testng.internal.MethodInvocationHelper.invokeMethod(MethodInvocationHelper.java:124)
at org.testng.internal.Invoker.invokeMethod(Invoker.java:580)
at org.testng.internal.Invoker.invokeTestMethod(Invoker.java:716)
at org.testng.internal.Invoker.invokeTestMethods(Invoker.java:988)
at org.testng.internal.TestMethodWorker.invokeTestMethods(TestMethodWorker.java:125)
at org.testng.internal.TestMethodWorker.run(TestMethodWorker.java:109)
at org.testng.TestRunner.privateRun(TestRunner.java:648)
at org.testng.TestRunner.run(TestRunner.java:505)
at org.testng.SuiteRunner.runTest(SuiteRunner.java:455)
at org.testng.SuiteRunner.runSequentially(SuiteRunner.java:450)
at org.testng.SuiteRunner.privateRun(SuiteRunner.java:415)
at org.testng.SuiteRunner.run(SuiteRunner.java:364)
at org.testng.SuiteRunnerWorker.runSuite(SuiteRunnerWorker.java:52)
at org.testng.SuiteRunnerWorker.run(SuiteRunnerWorker.java:84)
at org.testng.TestNG.runSuitesSequentially(TestNG.java:1208)
at org.testng.TestNG.runSuitesLocally(TestNG.java:1137)
at org.testng.TestNG.runSuites(TestNG.java:1049)
at org.testng.TestNG.run(TestNG.java:1017)
at org.testng.remote.AbstractRemoteTestNG.run(AbstractRemoteTestNG.java:114)
at org.testng.remote.RemoteTestNG.initAndRun(RemoteTestNG.java:251)
at org.testng.remote.RemoteTestNG.main(RemoteTestNG.java:77)
]]>
            </full-stacktrace>
          </exception> <!-- org.openqa.selenium.NoSuchElementException -->
          <reporter-output>
          </reporter-output>
        </test-method> <!-- Settled_To_Nominee -->
        <test-method status="PASS" signature="closeApp(org.testng.ITestResult)[pri:0, instance:script.Settlement_OPEX_SettledtoNominee_Test@271053e1]" name="closeApp" is-config="true" duration-ms="1378" started-at="2019-05-03T04:36:24Z" finished-at="2019-05-03T04:36:25Z">
          <params>
            <param index="0">
              <value>
                <![CDATA[[TestResult name=Settled_To_Nominee status=FAILURE method=Settlement_OPEX_SettledtoNominee_Test.Settled_To_Nominee()[pri:13, instance:script.Settlement_OPEX_SettledtoNominee_Test@271053e1] output={null}]]]>
              </value>
            </param>
          </params>
          <reporter-output>
            <line>
              <![CDATA[Settled_To_Nominee is FAILED]]>
            </line>
          </reporter-output>
        </test-method> <!-- closeApp -->
      </class> <!-- script.Settlement_OPEX_SettledtoNominee_Test -->
      <class name="script.Claim_Approve_INOPS_CHK_Test">
        <test-method status="PASS" signature="openApp()[pri:0, instance:script.Claim_Approve_INOPS_CHK_Test@402a079c]" name="openApp" is-config="true" duration-ms="7913" started-at="2019-05-03T04:30:46Z" finished-at="2019-05-03T04:30:54Z">
          <reporter-output>
          </reporter-output>
        </test-method> <!-- openApp -->
        <test-method status="PASS" signature="Login()[pri:0, instance:script.Claim_Approve_INOPS_CHK_Test@402a079c]" name="Login" is-config="true" duration-ms="4720" started-at="2019-05-03T04:30:54Z" finished-at="2019-05-03T04:30:59Z">
          <reporter-output>
          </reporter-output>
        </test-method> <!-- Login -->
        <test-method status="FAIL" signature="Claim_Approve_INOPSCHK()[pri:7, instance:script.Claim_Approve_INOPS_CHK_Test@402a079c]" name="Claim_Approve_INOPSCHK" duration-ms="28442" started-at="2019-05-03T04:30:59Z" finished-at="2019-05-03T04:31:28Z">
          <exception class="org.openqa.selenium.NoSuchElementException">
            <message>
              <![CDATA[Unable to locate element: Approve
For documentation on this error, please visit: https://www.seleniumhq.org/exceptions/no_such_element.html
Build info: version: '3.141.59', revision: 'e82be7d358', time: '2018-11-14T08:17:03'
System info: host: 'IXED-LAP0263', ip: '127.0.1.1', os.name: 'Linux', os.arch: 'amd64', os.version: '3.13.0-153-generic', java.version: '1.8.0_171'
Driver info: org.openqa.selenium.firefox.FirefoxDriver
Capabilities {acceptInsecureCerts: true, browserName: firefox, browserVersion: 61.0.1, javascriptEnabled: true, moz:accessibilityChecks: false, moz:headless: false, moz:processID: 4943, moz:profile: /tmp/rust_mozprofile.pWTxYt..., moz:useNonSpecCompliantPointerOrigin: false, moz:webdriverClick: true, pageLoadStrategy: normal, platform: LINUX, platformName: LINUX, platformVersion: 3.13.0-153-generic, rotatable: false, timeouts: {implicit: 0, pageLoad: 300000, script: 30000}}
Session ID: d179d4bf-4bbc-40cc-b318-54674de15de5
*** Element info: {Using=link text, value=Approve}]]>
            </message>
            <full-stacktrace>
              <![CDATA[org.openqa.selenium.NoSuchElementException: Unable to locate element: Approve
For documentation on this error, please visit: https://www.seleniumhq.org/exceptions/no_such_element.html
Build info: version: '3.141.59', revision: 'e82be7d358', time: '2018-11-14T08:17:03'
System info: host: 'IXED-LAP0263', ip: '127.0.1.1', os.name: 'Linux', os.arch: 'amd64', os.version: '3.13.0-153-generic', java.version: '1.8.0_171'
Driver info: org.openqa.selenium.firefox.FirefoxDriver
Capabilities {acceptInsecureCerts: true, browserName: firefox, browserVersion: 61.0.1, javascriptEnabled: true, moz:accessibilityChecks: false, moz:headless: false, moz:processID: 4943, moz:profile: /tmp/rust_mozprofile.pWTxYt..., moz:useNonSpecCompliantPointerOrigin: false, moz:webdriverClick: true, pageLoadStrategy: normal, platform: LINUX, platformName: LINUX, platformVersion: 3.13.0-153-generic, rotatable: false, timeouts: {implicit: 0, pageLoad: 300000, script: 30000}}
Session ID: d179d4bf-4bbc-40cc-b318-54674de15de5
*** Element info: {Using=link text, value=Approve}
at sun.reflect.NativeConstructorAccessorImpl.newInstance0(Native Method)
at sun.reflect.NativeConstructorAccessorImpl.newInstance(NativeConstructorAccessorImpl.java:62)
at sun.reflect.DelegatingConstructorAccessorImpl.newInstance(DelegatingConstructorAccessorImpl.java:45)
at java.lang.reflect.Constructor.newInstance(Constructor.java:423)
at org.openqa.selenium.remote.http.W3CHttpResponseCodec.createException(W3CHttpResponseCodec.java:187)
at org.openqa.selenium.remote.http.W3CHttpResponseCodec.decode(W3CHttpResponseCodec.java:122)
at org.openqa.selenium.remote.http.W3CHttpResponseCodec.decode(W3CHttpResponseCodec.java:49)
at org.openqa.selenium.remote.HttpCommandExecutor.execute(HttpCommandExecutor.java:158)
at org.openqa.selenium.remote.service.DriverCommandExecutor.execute(DriverCommandExecutor.java:83)
at org.openqa.selenium.remote.RemoteWebDriver.execute(RemoteWebDriver.java:552)
at org.openqa.selenium.remote.RemoteWebDriver.findElement(RemoteWebDriver.java:323)
at org.openqa.selenium.remote.RemoteWebDriver.findElementByLinkText(RemoteWebDriver.java:380)
at org.openqa.selenium.By$ByLinkText.findElement(By.java:220)
at org.openqa.selenium.remote.RemoteWebDriver.findElement(RemoteWebDriver.java:315)
at org.openqa.selenium.support.pagefactory.DefaultElementLocator.findElement(DefaultElementLocator.java:69)
at org.openqa.selenium.support.pagefactory.internal.LocatingElementHandler.invoke(LocatingElementHandler.java:38)
at com.sun.proxy.$Proxy9.click(Unknown Source)
at page.ManageClaimPage.InsuranceOPSApprove(ManageClaimPage.java:147)
at script.Claim_Approve_INOPS_CHK_Test.Claim_Approve_INOPSCHK(Claim_Approve_INOPS_CHK_Test.java:46)
at sun.reflect.NativeMethodAccessorImpl.invoke0(Native Method)
at sun.reflect.NativeMethodAccessorImpl.invoke(NativeMethodAccessorImpl.java:62)
at sun.reflect.DelegatingMethodAccessorImpl.invoke(DelegatingMethodAccessorImpl.java:43)
at java.lang.reflect.Method.invoke(Method.java:498)
at org.testng.internal.MethodInvocationHelper.invokeMethod(MethodInvocationHelper.java:124)
at org.testng.internal.Invoker.invokeMethod(Invoker.java:580)
at org.testng.internal.Invoker.invokeTestMethod(Invoker.java:716)
at org.testng.internal.Invoker.invokeTestMethods(Invoker.java:988)
at org.testng.internal.TestMethodWorker.invokeTestMethods(TestMethodWorker.java:125)
at org.testng.internal.TestMethodWorker.run(TestMethodWorker.java:109)
at org.testng.TestRunner.privateRun(TestRunner.java:648)
at org.testng.TestRunner.run(TestRunner.java:505)
at org.testng.SuiteRunner.runTest(SuiteRunner.java:455)
at org.testng.SuiteRunner.runSequentially(SuiteRunner.java:450)
at org.testng.SuiteRunner.privateRun(SuiteRunner.java:415)
at org.testng.SuiteRunner.run(SuiteRunner.java:364)
at org.testng.SuiteRunnerWorker.runSuite(SuiteRunnerWorker.java:52)
at org.testng.SuiteRunnerWorker.run(SuiteRunnerWorker.java:84)
at org.testng.TestNG.runSuitesSequentially(TestNG.java:1208)
at org.testng.TestNG.runSuitesLocally(TestNG.java:1137)
at org.testng.TestNG.runSuites(TestNG.java:1049)
at org.testng.TestNG.run(TestNG.java:1017)
at org.testng.remote.AbstractRemoteTestNG.run(AbstractRemoteTestNG.java:114)
at org.testng.remote.RemoteTestNG.initAndRun(RemoteTestNG.java:251)
at org.testng.remote.RemoteTestNG.main(RemoteTestNG.java:77)
]]>
            </full-stacktrace>
          </exception> <!-- org.openqa.selenium.NoSuchElementException -->
          <reporter-output>
          </reporter-output>
        </test-method> <!-- Claim_Approve_INOPSCHK -->
        <test-method status="PASS" signature="Logout()[pri:0, instance:script.Claim_Approve_INOPS_CHK_Test@402a079c]" name="Logout" is-config="true" duration-ms="1914" started-at="2019-05-03T04:31:28Z" finished-at="2019-05-03T04:31:29Z">
          <reporter-output>
          </reporter-output>
        </test-method> <!-- Logout -->
        <test-method status="PASS" signature="closeApp(org.testng.ITestResult)[pri:0, instance:script.Claim_Approve_INOPS_CHK_Test@402a079c]" name="closeApp" is-config="true" duration-ms="1281" started-at="2019-05-03T04:31:29Z" finished-at="2019-05-03T04:31:31Z">
          <params>
            <param index="0">
              <value>
                <![CDATA[[TestResult name=Claim_Approve_INOPSCHK status=FAILURE method=Claim_Approve_INOPS_CHK_Test.Claim_Approve_INOPSCHK()[pri:7, instance:script.Claim_Approve_INOPS_CHK_Test@402a079c] output={null}]]]>
              </value>
            </param>
          </params>
          <reporter-output>
            <line>
              <![CDATA[Claim_Approve_INOPSCHK is FAILED]]>
            </line>
          </reporter-output>
        </test-method> <!-- closeApp -->
      </class> <!-- script.Claim_Approve_INOPS_CHK_Test -->
      <class name="script.Settlement_Sent_To_Operation_Executive_Test">
        <test-method status="PASS" signature="openApp()[pri:0, instance:script.Settlement_Sent_To_Operation_Executive_Test@4cf777e8]" name="openApp" is-config="true" duration-ms="8173" started-at="2019-05-03T04:34:49Z" finished-at="2019-05-03T04:34:58Z">
          <reporter-output>
          </reporter-output>
        </test-method> <!-- openApp -->
        <test-method status="PASS" signature="Login()[pri:0, instance:script.Settlement_Sent_To_Operation_Executive_Test@4cf777e8]" name="Login" is-config="true" duration-ms="5114" started-at="2019-05-03T04:34:58Z" finished-at="2019-05-03T04:35:03Z">
          <reporter-output>
          </reporter-output>
        </test-method> <!-- Login -->
        <test-method status="FAIL" signature="Sent_To_Insurer()[pri:12, instance:script.Settlement_Sent_To_Operation_Executive_Test@4cf777e8]" name="Sent_To_Insurer" duration-ms="33560" started-at="2019-05-03T04:35:03Z" finished-at="2019-05-03T04:35:36Z">
          <exception class="org.openqa.selenium.NoSuchElementException">
            <message>
              <![CDATA[Unable to locate element: Send To Operation Executive
For documentation on this error, please visit: https://www.seleniumhq.org/exceptions/no_such_element.html
Build info: version: '3.141.59', revision: 'e82be7d358', time: '2018-11-14T08:17:03'
System info: host: 'IXED-LAP0263', ip: '127.0.1.1', os.name: 'Linux', os.arch: 'amd64', os.version: '3.13.0-153-generic', java.version: '1.8.0_171'
Driver info: org.openqa.selenium.firefox.FirefoxDriver
Capabilities {acceptInsecureCerts: true, browserName: firefox, browserVersion: 61.0.1, javascriptEnabled: true, moz:accessibilityChecks: false, moz:headless: false, moz:processID: 5952, moz:profile: /tmp/rust_mozprofile.w2u2xc..., moz:useNonSpecCompliantPointerOrigin: false, moz:webdriverClick: true, pageLoadStrategy: normal, platform: LINUX, platformName: LINUX, platformVersion: 3.13.0-153-generic, rotatable: false, timeouts: {implicit: 0, pageLoad: 300000, script: 30000}}
Session ID: f7950104-20c4-4350-ab3b-a8c489d5948e
*** Element info: {Using=link text, value=Send To Operation Executive}]]>
            </message>
            <full-stacktrace>
              <![CDATA[org.openqa.selenium.NoSuchElementException: Unable to locate element: Send To Operation Executive
For documentation on this error, please visit: https://www.seleniumhq.org/exceptions/no_such_element.html
Build info: version: '3.141.59', revision: 'e82be7d358', time: '2018-11-14T08:17:03'
System info: host: 'IXED-LAP0263', ip: '127.0.1.1', os.name: 'Linux', os.arch: 'amd64', os.version: '3.13.0-153-generic', java.version: '1.8.0_171'
Driver info: org.openqa.selenium.firefox.FirefoxDriver
Capabilities {acceptInsecureCerts: true, browserName: firefox, browserVersion: 61.0.1, javascriptEnabled: true, moz:accessibilityChecks: false, moz:headless: false, moz:processID: 5952, moz:profile: /tmp/rust_mozprofile.w2u2xc..., moz:useNonSpecCompliantPointerOrigin: false, moz:webdriverClick: true, pageLoadStrategy: normal, platform: LINUX, platformName: LINUX, platformVersion: 3.13.0-153-generic, rotatable: false, timeouts: {implicit: 0, pageLoad: 300000, script: 30000}}
Session ID: f7950104-20c4-4350-ab3b-a8c489d5948e
*** Element info: {Using=link text, value=Send To Operation Executive}
at sun.reflect.NativeConstructorAccessorImpl.newInstance0(Native Method)
at sun.reflect.NativeConstructorAccessorImpl.newInstance(NativeConstructorAccessorImpl.java:62)
at sun.reflect.DelegatingConstructorAccessorImpl.newInstance(DelegatingConstructorAccessorImpl.java:45)
at java.lang.reflect.Constructor.newInstance(Constructor.java:423)
at org.openqa.selenium.remote.http.W3CHttpResponseCodec.createException(W3CHttpResponseCodec.java:187)
at org.openqa.selenium.remote.http.W3CHttpResponseCodec.decode(W3CHttpResponseCodec.java:122)
at org.openqa.selenium.remote.http.W3CHttpResponseCodec.decode(W3CHttpResponseCodec.java:49)
at org.openqa.selenium.remote.HttpCommandExecutor.execute(HttpCommandExecutor.java:158)
at org.openqa.selenium.remote.service.DriverCommandExecutor.execute(DriverCommandExecutor.java:83)
at org.openqa.selenium.remote.RemoteWebDriver.execute(RemoteWebDriver.java:552)
at org.openqa.selenium.remote.RemoteWebDriver.findElement(RemoteWebDriver.java:323)
at org.openqa.selenium.remote.RemoteWebDriver.findElementByLinkText(RemoteWebDriver.java:380)
at org.openqa.selenium.By$ByLinkText.findElement(By.java:220)
at org.openqa.selenium.remote.RemoteWebDriver.findElement(RemoteWebDriver.java:315)
at org.openqa.selenium.support.pagefactory.DefaultElementLocator.findElement(DefaultElementLocator.java:69)
at org.openqa.selenium.support.pagefactory.internal.LocatingElementHandler.invoke(LocatingElementHandler.java:38)
at com.sun.proxy.$Proxy9.click(Unknown Source)
at page.ManageClaimPage.SenttoOPEX(ManageClaimPage.java:260)
at script.Settlement_Sent_To_Operation_Executive_Test.Sent_To_Insurer(Settlement_Sent_To_Operation_Executive_Test.java:47)
at sun.reflect.NativeMethodAccessorImpl.invoke0(Native Method)
at sun.reflect.NativeMethodAccessorImpl.invoke(NativeMethodAccessorImpl.java:62)
at sun.reflect.DelegatingMethodAccessorImpl.invoke(DelegatingMethodAccessorImpl.java:43)
at java.lang.reflect.Method.invoke(Method.java:498)
at org.testng.internal.MethodInvocationHelper.invokeMethod(MethodInvocationHelper.java:124)
at org.testng.internal.Invoker.invokeMethod(Invoker.java:580)
at org.testng.internal.Invoker.invokeTestMethod(Invoker.java:716)
at org.testng.internal.Invoker.invokeTestMethods(Invoker.java:988)
at org.testng.internal.TestMethodWorker.invokeTestMethods(TestMethodWorker.java:125)
at org.testng.internal.TestMethodWorker.run(TestMethodWorker.java:109)
at org.testng.TestRunner.privateRun(TestRunner.java:648)
at org.testng.TestRunner.run(TestRunner.java:505)
at org.testng.SuiteRunner.runTest(SuiteRunner.java:455)
at org.testng.SuiteRunner.runSequentially(SuiteRunner.java:450)
at org.testng.SuiteRunner.privateRun(SuiteRunner.java:415)
at org.testng.SuiteRunner.run(SuiteRunner.java:364)
at org.testng.SuiteRunnerWorker.runSuite(SuiteRunnerWorker.java:52)
at org.testng.SuiteRunnerWorker.run(SuiteRunnerWorker.java:84)
at org.testng.TestNG.runSuitesSequentially(TestNG.java:1208)
at org.testng.TestNG.runSuitesLocally(TestNG.java:1137)
at org.testng.TestNG.runSuites(TestNG.java:1049)
at org.testng.TestNG.run(TestNG.java:1017)
at org.testng.remote.AbstractRemoteTestNG.run(AbstractRemoteTestNG.java:114)
at org.testng.remote.RemoteTestNG.initAndRun(RemoteTestNG.java:251)
at org.testng.remote.RemoteTestNG.main(RemoteTestNG.java:77)
]]>
            </full-stacktrace>
          </exception> <!-- org.openqa.selenium.NoSuchElementException -->
          <reporter-output>
          </reporter-output>
        </test-method> <!-- Sent_To_Insurer -->
        <test-method status="PASS" signature="Logout()[pri:0, instance:script.Settlement_Sent_To_Operation_Executive_Test@4cf777e8]" name="Logout" is-config="true" duration-ms="1909" started-at="2019-05-03T04:35:36Z" finished-at="2019-05-03T04:35:38Z">
          <reporter-output>
          </reporter-output>
        </test-method> <!-- Logout -->
        <test-method status="PASS" signature="closeApp(org.testng.ITestResult)[pri:0, instance:script.Settlement_Sent_To_Operation_Executive_Test@4cf777e8]" name="closeApp" is-config="true" duration-ms="1261" started-at="2019-05-03T04:35:38Z" finished-at="2019-05-03T04:35:39Z">
          <params>
            <param index="0">
              <value>
                <![CDATA[[TestResult name=Sent_To_Insurer status=FAILURE method=Settlement_Sent_To_Operation_Executive_Test.Sent_To_Insurer()[pri:12, instance:script.Settlement_Sent_To_Operation_Executive_Test@4cf777e8] output={null}]]]>
              </value>
            </param>
          </params>
          <reporter-output>
            <line>
              <![CDATA[Sent_To_Insurer is FAILED]]>
            </line>
          </reporter-output>
        </test-method> <!-- closeApp -->
      </class> <!-- script.Settlement_Sent_To_Operation_Executive_Test -->
      <class name="script.Settelement_Received_From_Insurer_Test">
        <test-method status="PASS" signature="openApp()[pri:0, instance:script.Settelement_Received_From_Insurer_Test@59ec2012]" name="openApp" is-config="true" duration-ms="8174" started-at="2019-05-03T04:33:59Z" finished-at="2019-05-03T04:34:07Z">
          <reporter-output>
          </reporter-output>
        </test-method> <!-- openApp -->
        <test-method status="PASS" signature="Login()[pri:0, instance:script.Settelement_Received_From_Insurer_Test@59ec2012]" name="Login" is-config="true" duration-ms="5423" started-at="2019-05-03T04:34:07Z" finished-at="2019-05-03T04:34:13Z">
          <reporter-output>
          </reporter-output>
        </test-method> <!-- Login -->
        <test-method status="FAIL" signature="Received_From_Insurer()[pri:11, instance:script.Settelement_Received_From_Insurer_Test@59ec2012]" name="Received_From_Insurer" duration-ms="31594" started-at="2019-05-03T04:34:13Z" finished-at="2019-05-03T04:34:44Z">
          <exception class="org.openqa.selenium.NoSuchElementException">
            <message>
              <![CDATA[Unable to locate element: Received From Insurer
For documentation on this error, please visit: https://www.seleniumhq.org/exceptions/no_such_element.html
Build info: version: '3.141.59', revision: 'e82be7d358', time: '2018-11-14T08:17:03'
System info: host: 'IXED-LAP0263', ip: '127.0.1.1', os.name: 'Linux', os.arch: 'amd64', os.version: '3.13.0-153-generic', java.version: '1.8.0_171'
Driver info: org.openqa.selenium.firefox.FirefoxDriver
Capabilities {acceptInsecureCerts: true, browserName: firefox, browserVersion: 61.0.1, javascriptEnabled: true, moz:accessibilityChecks: false, moz:headless: false, moz:processID: 5752, moz:profile: /tmp/rust_mozprofile.NbjSdD..., moz:useNonSpecCompliantPointerOrigin: false, moz:webdriverClick: true, pageLoadStrategy: normal, platform: LINUX, platformName: LINUX, platformVersion: 3.13.0-153-generic, rotatable: false, timeouts: {implicit: 0, pageLoad: 300000, script: 30000}}
Session ID: 565e1ed9-68ce-4ca8-8553-ca5350bee32d
*** Element info: {Using=link text, value=Received From Insurer}]]>
            </message>
            <full-stacktrace>
              <![CDATA[org.openqa.selenium.NoSuchElementException: Unable to locate element: Received From Insurer
For documentation on this error, please visit: https://www.seleniumhq.org/exceptions/no_such_element.html
Build info: version: '3.141.59', revision: 'e82be7d358', time: '2018-11-14T08:17:03'
System info: host: 'IXED-LAP0263', ip: '127.0.1.1', os.name: 'Linux', os.arch: 'amd64', os.version: '3.13.0-153-generic', java.version: '1.8.0_171'
Driver info: org.openqa.selenium.firefox.FirefoxDriver
Capabilities {acceptInsecureCerts: true, browserName: firefox, browserVersion: 61.0.1, javascriptEnabled: true, moz:accessibilityChecks: false, moz:headless: false, moz:processID: 5752, moz:profile: /tmp/rust_mozprofile.NbjSdD..., moz:useNonSpecCompliantPointerOrigin: false, moz:webdriverClick: true, pageLoadStrategy: normal, platform: LINUX, platformName: LINUX, platformVersion: 3.13.0-153-generic, rotatable: false, timeouts: {implicit: 0, pageLoad: 300000, script: 30000}}
Session ID: 565e1ed9-68ce-4ca8-8553-ca5350bee32d
*** Element info: {Using=link text, value=Received From Insurer}
at sun.reflect.NativeConstructorAccessorImpl.newInstance0(Native Method)
at sun.reflect.NativeConstructorAccessorImpl.newInstance(NativeConstructorAccessorImpl.java:62)
at sun.reflect.DelegatingConstructorAccessorImpl.newInstance(DelegatingConstructorAccessorImpl.java:45)
at java.lang.reflect.Constructor.newInstance(Constructor.java:423)
at org.openqa.selenium.remote.http.W3CHttpResponseCodec.createException(W3CHttpResponseCodec.java:187)
at org.openqa.selenium.remote.http.W3CHttpResponseCodec.decode(W3CHttpResponseCodec.java:122)
at org.openqa.selenium.remote.http.W3CHttpResponseCodec.decode(W3CHttpResponseCodec.java:49)
at org.openqa.selenium.remote.HttpCommandExecutor.execute(HttpCommandExecutor.java:158)
at org.openqa.selenium.remote.service.DriverCommandExecutor.execute(DriverCommandExecutor.java:83)
at org.openqa.selenium.remote.RemoteWebDriver.execute(RemoteWebDriver.java:552)
at org.openqa.selenium.remote.RemoteWebDriver.findElement(RemoteWebDriver.java:323)
at org.openqa.selenium.remote.RemoteWebDriver.findElementByLinkText(RemoteWebDriver.java:380)
at org.openqa.selenium.By$ByLinkText.findElement(By.java:220)
at org.openqa.selenium.remote.RemoteWebDriver.findElement(RemoteWebDriver.java:315)
at org.openqa.selenium.support.pagefactory.DefaultElementLocator.findElement(DefaultElementLocator.java:69)
at org.openqa.selenium.support.pagefactory.internal.LocatingElementHandler.invoke(LocatingElementHandler.java:38)
at com.sun.proxy.$Proxy9.click(Unknown Source)
at page.ManageClaimPage.ReceivedFromInsurer(ManageClaimPage.java:233)
at script.Settelement_Received_From_Insurer_Test.Received_From_Insurer(Settelement_Received_From_Insurer_Test.java:46)
at sun.reflect.NativeMethodAccessorImpl.invoke0(Native Method)
at sun.reflect.NativeMethodAccessorImpl.invoke(NativeMethodAccessorImpl.java:62)
at sun.reflect.DelegatingMethodAccessorImpl.invoke(DelegatingMethodAccessorImpl.java:43)
at java.lang.reflect.Method.invoke(Method.java:498)
at org.testng.internal.MethodInvocationHelper.invokeMethod(MethodInvocationHelper.java:124)
at org.testng.internal.Invoker.invokeMethod(Invoker.java:580)
at org.testng.internal.Invoker.invokeTestMethod(Invoker.java:716)
at org.testng.internal.Invoker.invokeTestMethods(Invoker.java:988)
at org.testng.internal.TestMethodWorker.invokeTestMethods(TestMethodWorker.java:125)
at org.testng.internal.TestMethodWorker.run(TestMethodWorker.java:109)
at org.testng.TestRunner.privateRun(TestRunner.java:648)
at org.testng.TestRunner.run(TestRunner.java:505)
at org.testng.SuiteRunner.runTest(SuiteRunner.java:455)
at org.testng.SuiteRunner.runSequentially(SuiteRunner.java:450)
at org.testng.SuiteRunner.privateRun(SuiteRunner.java:415)
at org.testng.SuiteRunner.run(SuiteRunner.java:364)
at org.testng.SuiteRunnerWorker.runSuite(SuiteRunnerWorker.java:52)
at org.testng.SuiteRunnerWorker.run(SuiteRunnerWorker.java:84)
at org.testng.TestNG.runSuitesSequentially(TestNG.java:1208)
at org.testng.TestNG.runSuitesLocally(TestNG.java:1137)
at org.testng.TestNG.runSuites(TestNG.java:1049)
at org.testng.TestNG.run(TestNG.java:1017)
at org.testng.remote.AbstractRemoteTestNG.run(AbstractRemoteTestNG.java:114)
at org.testng.remote.RemoteTestNG.initAndRun(RemoteTestNG.java:251)
at org.testng.remote.RemoteTestNG.main(RemoteTestNG.java:77)
]]>
            </full-stacktrace>
          </exception> <!-- org.openqa.selenium.NoSuchElementException -->
          <reporter-output>
          </reporter-output>
        </test-method> <!-- Received_From_Insurer -->
        <test-method status="PASS" signature="Logout()[pri:0, instance:script.Settelement_Received_From_Insurer_Test@59ec2012]" name="Logout" is-config="true" duration-ms="3930" started-at="2019-05-03T04:34:44Z" finished-at="2019-05-03T04:34:48Z">
          <reporter-output>
          </reporter-output>
        </test-method> <!-- Logout -->
        <test-method status="PASS" signature="closeApp(org.testng.ITestResult)[pri:0, instance:script.Settelement_Received_From_Insurer_Test@59ec2012]" name="closeApp" is-config="true" duration-ms="1257" started-at="2019-05-03T04:34:48Z" finished-at="2019-05-03T04:34:49Z">
          <params>
            <param index="0">
              <value>
                <![CDATA[[TestResult name=Received_From_Insurer status=FAILURE method=Settelement_Received_From_Insurer_Test.Received_From_Insurer()[pri:11, instance:script.Settelement_Received_From_Insurer_Test@59ec2012] output={null}]]]>
              </value>
            </param>
          </params>
          <reporter-output>
            <line>
              <![CDATA[Received_From_Insurer is FAILED]]>
            </line>
          </reporter-output>
        </test-method> <!-- closeApp -->
      </class> <!-- script.Settelement_Received_From_Insurer_Test -->
    </test> <!-- Test(failed) -->
  </suite> <!-- Failed suite [Suite] -->
</testng-results>
