<?xml version="1.0" encoding="UTF-8"?>
<!-- Generated by org.testng.reporters.JUnitXMLReporter -->
<testsuite hostname="IXED-LAP0263" ignored="0" name="Test" tests="14" failures="0" timestamp="02 May 2019 12:48:54 GMT" time="10997.849" errors="0">
  <testcase name="@AfterMethod Logout" time="0.045" classname="script.Claim_Approve_OPMAN_Test">
    <failure type="org.openqa.selenium.ElementClickInterceptedException" message="Element &amp;lt;i id=&amp;quot;btn_icon_icon-off&amp;quot; class=&amp;quot;icon-off&amp;quot;&amp;gt; is not clickable at point (979.38330078125,42.5) because another element &amp;lt;div id=&amp;quot;popup_overlay&amp;quot;&amp;gt; obscures it
Build info: version: &amp;apos;3.141.59&amp;apos;, revision: &amp;apos;e82be7d358&amp;apos;, time: &amp;apos;2018-11-14T08:17:03&amp;apos;
System info: host: &amp;apos;IXED-LAP0263&amp;apos;, ip: &amp;apos;127.0.1.1&amp;apos;, os.name: &amp;apos;Linux&amp;apos;, os.arch: &amp;apos;amd64&amp;apos;, os.version: &amp;apos;3.13.0-153-generic&amp;apos;, java.version: &amp;apos;1.8.0_171&amp;apos;
Driver info: org.openqa.selenium.firefox.FirefoxDriver
Capabilities {acceptInsecureCerts: true, browserName: firefox, browserVersion: 61.0.1, javascriptEnabled: true, moz:accessibilityChecks: false, moz:headless: false, moz:processID: 29639, moz:profile: /tmp/rust_mozprofile.BrkeTX..., moz:useNonSpecCompliantPointerOrigin: false, moz:webdriverClick: true, pageLoadStrategy: normal, platform: LINUX, platformName: LINUX, platformVersion: 3.13.0-153-generic, rotatable: false, timeouts: {implicit: 0, pageLoad: 300000, script: 30000}}
Session ID: 38e16ad7-9ee1-44a8-a9fa-020110637f1e">
      <![CDATA[org.openqa.selenium.ElementClickInterceptedException: Element <i id="btn_icon_icon-off" class="icon-off"> is not clickable at point (979.38330078125,42.5) because another element <div id="popup_overlay"> obscures it
Build info: version: '3.141.59', revision: 'e82be7d358', time: '2018-11-14T08:17:03'
System info: host: 'IXED-LAP0263', ip: '127.0.1.1', os.name: 'Linux', os.arch: 'amd64', os.version: '3.13.0-153-generic', java.version: '1.8.0_171'
Driver info: org.openqa.selenium.firefox.FirefoxDriver
Capabilities {acceptInsecureCerts: true, browserName: firefox, browserVersion: 61.0.1, javascriptEnabled: true, moz:accessibilityChecks: false, moz:headless: false, moz:processID: 29639, moz:profile: /tmp/rust_mozprofile.BrkeTX..., moz:useNonSpecCompliantPointerOrigin: false, moz:webdriverClick: true, pageLoadStrategy: normal, platform: LINUX, platformName: LINUX, platformVersion: 3.13.0-153-generic, rotatable: false, timeouts: {implicit: 0, pageLoad: 300000, script: 30000}}
Session ID: 38e16ad7-9ee1-44a8-a9fa-020110637f1e
at org.openqa.selenium.remote.http.W3CHttpResponseCodec.createException(W3CHttpResponseCodec.java:187)
at org.openqa.selenium.remote.http.W3CHttpResponseCodec.decode(W3CHttpResponseCodec.java:122)
at org.openqa.selenium.remote.http.W3CHttpResponseCodec.decode(W3CHttpResponseCodec.java:49)
at org.openqa.selenium.remote.HttpCommandExecutor.execute(HttpCommandExecutor.java:158)
at org.openqa.selenium.remote.service.DriverCommandExecutor.execute(DriverCommandExecutor.java:83)
at org.openqa.selenium.remote.RemoteWebDriver.execute(RemoteWebDriver.java:552)
at org.openqa.selenium.remote.RemoteWebElement.execute(RemoteWebElement.java:285)
at org.openqa.selenium.remote.RemoteWebElement.click(RemoteWebElement.java:84)
at org.openqa.selenium.support.pagefactory.internal.LocatingElementHandler.invoke(LocatingElementHandler.java:51)
at com.sun.proxy.$Proxy9.click(Unknown Source)
at page.DashboardPage.clickLogout(DashboardPage.java:27)
at script.Claim_Approve_OPMAN_Test.Logout(Claim_Approve_OPMAN_Test.java:56)
... Removed 35 stack frames]]>
    </failure>
  </testcase> <!-- @AfterMethod Logout -->
  <testcase name="@BeforeMethod openApp" time="10800.031" classname="generic.BaseTest">
    <failure type="org.openqa.selenium.WebDriverException" message="java.net.SocketTimeoutException: timeout
Build info: version: &amp;apos;3.141.59&amp;apos;, revision: &amp;apos;e82be7d358&amp;apos;, time: &amp;apos;2018-11-14T08:17:03&amp;apos;
System info: host: &amp;apos;IXED-LAP0263&amp;apos;, ip: &amp;apos;127.0.1.1&amp;apos;, os.name: &amp;apos;Linux&amp;apos;, os.arch: &amp;apos;amd64&amp;apos;, os.version: &amp;apos;3.13.0-153-generic&amp;apos;, java.version: &amp;apos;1.8.0_171&amp;apos;
Driver info: driver.version: FirefoxDriver">
      <![CDATA[org.openqa.selenium.WebDriverException: java.net.SocketTimeoutException: timeout
Build info: version: '3.141.59', revision: 'e82be7d358', time: '2018-11-14T08:17:03'
System info: host: 'IXED-LAP0263', ip: '127.0.1.1', os.name: 'Linux', os.arch: 'amd64', os.version: '3.13.0-153-generic', java.version: '1.8.0_171'
Driver info: driver.version: FirefoxDriver
at org.openqa.selenium.remote.service.DriverCommandExecutor.execute(DriverCommandExecutor.java:92)
at org.openqa.selenium.remote.RemoteWebDriver.execute(RemoteWebDriver.java:552)
at org.openqa.selenium.remote.RemoteWebDriver.startSession(RemoteWebDriver.java:213)
at org.openqa.selenium.remote.RemoteWebDriver.<init>(RemoteWebDriver.java:131)
at org.openqa.selenium.firefox.FirefoxDriver.<init>(FirefoxDriver.java:147)
at org.openqa.selenium.firefox.FirefoxDriver.<init>(FirefoxDriver.java:125)
at generic.BaseTest.openApp(BaseTest.java:28)
Caused by: java.net.SocketTimeoutException: timeout
at okio.Okio$4.newTimeoutException(Okio.java:232)
at okio.AsyncTimeout.exit(AsyncTimeout.java:285)
at okio.AsyncTimeout$2.read(AsyncTimeout.java:241)
at okio.RealBufferedSource.indexOf(RealBufferedSource.java:355)
at okio.RealBufferedSource.readUtf8LineStrict(RealBufferedSource.java:227)
at okhttp3.internal.http1.Http1Codec.readHeaderLine(Http1Codec.java:215)
at okhttp3.internal.http1.Http1Codec.readResponseHeaders(Http1Codec.java:189)
at okhttp3.internal.http.CallServerInterceptor.intercept(CallServerInterceptor.java:88)
at okhttp3.internal.http.RealInterceptorChain.proceed(RealInterceptorChain.java:147)
at okhttp3.internal.http.RealInterceptorChain.proceed(RealInterceptorChain.java:121)
at org.openqa.selenium.remote.internal.OkHttpClient$Factory$1.lambda$createClient$1(OkHttpClient.java:152)
at okhttp3.internal.http.RealInterceptorChain.proceed(RealInterceptorChain.java:147)
at okhttp3.internal.connection.ConnectInterceptor.intercept(ConnectInterceptor.java:45)
at okhttp3.internal.http.RealInterceptorChain.proceed(RealInterceptorChain.java:147)
at okhttp3.internal.http.RealInterceptorChain.proceed(RealInterceptorChain.java:121)
at okhttp3.internal.cache.CacheInterceptor.intercept(CacheInterceptor.java:93)
at okhttp3.internal.http.RealInterceptorChain.proceed(RealInterceptorChain.java:147)
at okhttp3.internal.http.RealInterceptorChain.proceed(RealInterceptorChain.java:121)
at okhttp3.internal.http.BridgeInterceptor.intercept(BridgeInterceptor.java:93)
at okhttp3.internal.http.RealInterceptorChain.proceed(RealInterceptorChain.java:147)
at okhttp3.internal.http.RetryAndFollowUpInterceptor.intercept(RetryAndFollowUpInterceptor.java:126)
at okhttp3.internal.http.RealInterceptorChain.proceed(RealInterceptorChain.java:147)
at okhttp3.internal.http.RealInterceptorChain.proceed(RealInterceptorChain.java:121)
at okhttp3.RealCall.getResponseWithInterceptorChain(RealCall.java:200)
at okhttp3.RealCall.execute(RealCall.java:77)
at org.openqa.selenium.remote.internal.OkHttpClient.execute(OkHttpClient.java:103)
at org.openqa.selenium.remote.ProtocolHandshake.createSession(ProtocolHandshake.java:105)
at org.openqa.selenium.remote.ProtocolHandshake.createSession(ProtocolHandshake.java:74)
at org.openqa.selenium.remote.HttpCommandExecutor.execute(HttpCommandExecutor.java:136)
at org.openqa.selenium.remote.service.DriverCommandExecutor.execute(DriverCommandExecutor.java:83)
... 34 more
Caused by: java.net.SocketException: Socket closed
at java.net.SocketInputStream.read(SocketInputStream.java:204)
at java.net.SocketInputStream.read(SocketInputStream.java:141)
at okio.Okio$2.read(Okio.java:140)
at okio.AsyncTimeout$2.read(AsyncTimeout.java:237)
... 61 more
... Removed 28 stack frames]]>
    </failure>
  </testcase> <!-- @BeforeMethod openApp -->
  <testcase name="@BeforeMethod Login" time="0.0" classname="script.Claim_Approve_INOPS_Test">
    <skipped/>
  </testcase> <!-- @BeforeMethod Login -->
  <testcase name="@AfterMethod Logout" time="0.0" classname="script.Claim_Approve_INOPS_Test">
    <skipped/>
  </testcase> <!-- @AfterMethod Logout -->
  <testcase name="@AfterMethod closeApp" time="0.004" classname="generic.BaseTest">
    <failure type="java.lang.NullPointerException">
      <![CDATA[java.lang.NullPointerException
at generic.BaseTest.closeApp(BaseTest.java:47)
... Removed 28 stack frames]]>
    </failure>
  </testcase> <!-- @AfterMethod closeApp -->
  <testcase name="@BeforeMethod Login" time="0.0" classname="script.Claim_Approve_INOPS_CHK_Test">
    <skipped/>
  </testcase> <!-- @BeforeMethod Login -->
  <testcase name="@AfterMethod Logout" time="0.0" classname="script.Claim_Approve_INOPS_CHK_Test">
    <skipped/>
  </testcase> <!-- @AfterMethod Logout -->
  <testcase name="@BeforeMethod Login" time="0.0" classname="script.Settlement_Insurance_Maker_Approve_Test">
    <skipped/>
  </testcase> <!-- @BeforeMethod Login -->
  <testcase name="@AfterMethod Logout" time="0.0" classname="script.Settlement_Insurance_Maker_Approve_Test">
    <skipped/>
  </testcase> <!-- @AfterMethod Logout -->
  <testcase name="@BeforeMethod Login" time="0.0" classname="script.Settelement_insurance_Checker_Approve_Test">
    <skipped/>
  </testcase> <!-- @BeforeMethod Login -->
  <testcase name="@AfterMethod Logout" time="0.0" classname="script.Settelement_insurance_Checker_Approve_Test">
    <skipped/>
  </testcase> <!-- @AfterMethod Logout -->
  <testcase name="@BeforeMethod Login" time="0.0" classname="script.Settlement_Sent_To_Insurer_Test">
    <skipped/>
  </testcase> <!-- @BeforeMethod Login -->
  <testcase name="@AfterMethod Logout" time="0.0" classname="script.Settlement_Sent_To_Insurer_Test">
    <skipped/>
  </testcase> <!-- @AfterMethod Logout -->
  <testcase name="@BeforeMethod openApp" time="7.615" classname="generic.BaseTest">
    <failure type="org.openqa.selenium.WebDriverException" message="[Exception... &amp;quot;Failure&amp;quot;  nsresult: &amp;quot;0x80004005 (NS_ERROR_FAILURE)&amp;quot;  location: &amp;quot;JS frame :: chrome://marionette/content/driver.js :: GeckoDriver.prototype.maximizeWindow/windowSizeChange/&amp;lt; :: line 3029&amp;quot;  data: no]
Build info: version: &amp;apos;3.141.59&amp;apos;, revision: &amp;apos;e82be7d358&amp;apos;, time: &amp;apos;2018-11-14T08:17:03&amp;apos;
System info: host: &amp;apos;IXED-LAP0263&amp;apos;, ip: &amp;apos;127.0.1.1&amp;apos;, os.name: &amp;apos;Linux&amp;apos;, os.arch: &amp;apos;amd64&amp;apos;, os.version: &amp;apos;3.13.0-153-generic&amp;apos;, java.version: &amp;apos;1.8.0_171&amp;apos;
Driver info: org.openqa.selenium.firefox.FirefoxDriver
Capabilities {acceptInsecureCerts: true, browserName: firefox, browserVersion: 61.0.1, javascriptEnabled: true, moz:accessibilityChecks: false, moz:headless: false, moz:processID: 6526, moz:profile: /tmp/rust_mozprofile.21JovU..., moz:useNonSpecCompliantPointerOrigin: false, moz:webdriverClick: true, pageLoadStrategy: normal, platform: LINUX, platformName: LINUX, platformVersion: 3.13.0-153-generic, rotatable: false, timeouts: {implicit: 0, pageLoad: 300000, script: 30000}}
Session ID: 735c6fa7-5468-42ee-892e-e2f64dd52315">
      <![CDATA[org.openqa.selenium.WebDriverException: [Exception... "Failure"  nsresult: "0x80004005 (NS_ERROR_FAILURE)"  location: "JS frame :: chrome://marionette/content/driver.js :: GeckoDriver.prototype.maximizeWindow/windowSizeChange/< :: line 3029"  data: no]
Build info: version: '3.141.59', revision: 'e82be7d358', time: '2018-11-14T08:17:03'
System info: host: 'IXED-LAP0263', ip: '127.0.1.1', os.name: 'Linux', os.arch: 'amd64', os.version: '3.13.0-153-generic', java.version: '1.8.0_171'
Driver info: org.openqa.selenium.firefox.FirefoxDriver
Capabilities {acceptInsecureCerts: true, browserName: firefox, browserVersion: 61.0.1, javascriptEnabled: true, moz:accessibilityChecks: false, moz:headless: false, moz:processID: 6526, moz:profile: /tmp/rust_mozprofile.21JovU..., moz:useNonSpecCompliantPointerOrigin: false, moz:webdriverClick: true, pageLoadStrategy: normal, platform: LINUX, platformName: LINUX, platformVersion: 3.13.0-153-generic, rotatable: false, timeouts: {implicit: 0, pageLoad: 300000, script: 30000}}
Session ID: 735c6fa7-5468-42ee-892e-e2f64dd52315
at org.openqa.selenium.remote.http.W3CHttpResponseCodec.createException(W3CHttpResponseCodec.java:187)
at org.openqa.selenium.remote.http.W3CHttpResponseCodec.decode(W3CHttpResponseCodec.java:122)
at org.openqa.selenium.remote.http.W3CHttpResponseCodec.decode(W3CHttpResponseCodec.java:49)
at org.openqa.selenium.remote.HttpCommandExecutor.execute(HttpCommandExecutor.java:158)
at org.openqa.selenium.remote.service.DriverCommandExecutor.execute(DriverCommandExecutor.java:83)
at org.openqa.selenium.remote.RemoteWebDriver.execute(RemoteWebDriver.java:552)
at org.openqa.selenium.remote.RemoteWebDriver.execute(RemoteWebDriver.java:609)
at org.openqa.selenium.remote.RemoteWebDriver$RemoteWebDriverOptions$RemoteWindow.maximize(RemoteWebDriver.java:837)
at generic.BaseTest.openApp(BaseTest.java:30)
... Removed 32 stack frames]]>
    </failure>
  </testcase> <!-- @BeforeMethod openApp -->
  <testcase name="@BeforeMethod Login" time="0.0" classname="script.Settelement_Received_From_Insurer_Test">
    <skipped/>
  </testcase> <!-- @BeforeMethod Login -->
  <testcase name="@AfterMethod Logout" time="0.0" classname="script.Settelement_Received_From_Insurer_Test">
    <skipped/>
  </testcase> <!-- @AfterMethod Logout -->
  <testcase name="@AfterMethod closeApp" time="1.499" classname="generic.BaseTest">
    <failure type="org.openqa.selenium.SessionNotCreatedException" message="Tried to run command without establishing a connection
Build info: version: &amp;apos;3.141.59&amp;apos;, revision: &amp;apos;e82be7d358&amp;apos;, time: &amp;apos;2018-11-14T08:17:03&amp;apos;
System info: host: &amp;apos;IXED-LAP0263&amp;apos;, ip: &amp;apos;127.0.1.1&amp;apos;, os.name: &amp;apos;Linux&amp;apos;, os.arch: &amp;apos;amd64&amp;apos;, os.version: &amp;apos;3.13.0-153-generic&amp;apos;, java.version: &amp;apos;1.8.0_171&amp;apos;
Driver info: org.openqa.selenium.firefox.FirefoxDriver
Capabilities {acceptInsecureCerts: true, browserName: firefox, browserVersion: 61.0.1, javascriptEnabled: true, moz:accessibilityChecks: false, moz:headless: false, moz:processID: 6526, moz:profile: /tmp/rust_mozprofile.21JovU..., moz:useNonSpecCompliantPointerOrigin: false, moz:webdriverClick: true, pageLoadStrategy: normal, platform: LINUX, platformName: LINUX, platformVersion: 3.13.0-153-generic, rotatable: false, timeouts: {implicit: 0, pageLoad: 300000, script: 30000}}
Session ID: 735c6fa7-5468-42ee-892e-e2f64dd52315">
      <![CDATA[org.openqa.selenium.SessionNotCreatedException: Tried to run command without establishing a connection
Build info: version: '3.141.59', revision: 'e82be7d358', time: '2018-11-14T08:17:03'
System info: host: 'IXED-LAP0263', ip: '127.0.1.1', os.name: 'Linux', os.arch: 'amd64', os.version: '3.13.0-153-generic', java.version: '1.8.0_171'
Driver info: org.openqa.selenium.firefox.FirefoxDriver
Capabilities {acceptInsecureCerts: true, browserName: firefox, browserVersion: 61.0.1, javascriptEnabled: true, moz:accessibilityChecks: false, moz:headless: false, moz:processID: 6526, moz:profile: /tmp/rust_mozprofile.21JovU..., moz:useNonSpecCompliantPointerOrigin: false, moz:webdriverClick: true, pageLoadStrategy: normal, platform: LINUX, platformName: LINUX, platformVersion: 3.13.0-153-generic, rotatable: false, timeouts: {implicit: 0, pageLoad: 300000, script: 30000}}
Session ID: 735c6fa7-5468-42ee-892e-e2f64dd52315
at org.openqa.selenium.remote.http.W3CHttpResponseCodec.createException(W3CHttpResponseCodec.java:187)
at org.openqa.selenium.remote.http.W3CHttpResponseCodec.decode(W3CHttpResponseCodec.java:122)
at org.openqa.selenium.remote.http.W3CHttpResponseCodec.decode(W3CHttpResponseCodec.java:49)
at org.openqa.selenium.remote.HttpCommandExecutor.execute(HttpCommandExecutor.java:158)
at org.openqa.selenium.remote.service.DriverCommandExecutor.execute(DriverCommandExecutor.java:83)
at org.openqa.selenium.remote.RemoteWebDriver.execute(RemoteWebDriver.java:552)
at org.openqa.selenium.remote.RemoteWebDriver.execute(RemoteWebDriver.java:609)
at org.openqa.selenium.remote.RemoteWebDriver.quit(RemoteWebDriver.java:452)
at generic.BaseTest.closeApp(BaseTest.java:47)
... Removed 32 stack frames]]>
    </failure>
  </testcase> <!-- @AfterMethod closeApp -->
  <testcase name="@BeforeMethod Login" time="0.0" classname="script.Settlement_Sent_To_Operation_Executive_Test">
    <skipped/>
  </testcase> <!-- @BeforeMethod Login -->
  <testcase name="@AfterMethod Logout" time="0.0" classname="script.Settlement_Sent_To_Operation_Executive_Test">
    <skipped/>
  </testcase> <!-- @AfterMethod Logout -->
  <testcase name="@BeforeMethod Login" time="0.0" classname="script.Settlement_OPEX_SettledtoNominee_Test">
    <skipped/>
  </testcase> <!-- @BeforeMethod Login -->
  <testcase name="@BeforeMethod Login" time="0.0" classname="script.Settlement_Settled_To_Nominee_PendingAMConfirmation_Test">
    <skipped/>
  </testcase> <!-- @BeforeMethod Login -->
  <testcase name="validLogintest" time="7.342" classname="script.ValidLogin_Test"/>
  <testcase name="testinvalidLogin" time="7.487" classname="script.Invalid_Login_Test"/>
  <testcase name="testinvalidLogin1" time="6.574" classname="script.Invalid_Login_Test1"/>
  <testcase name="Claim_initiate" time="34.005" classname="script.Claim_Initiate_OPEX_Test"/>
  <testcase name="Claim_Approve" time="9.812" classname="script.Claim_Approve_OPMAN_Test"/>
  <testcase name="Claim_Approve" time="0.0" classname="script.Claim_Approve_INOPS_Test">
    <skipped/>
  </testcase> <!-- Claim_Approve -->
  <testcase name="Claim_Approve_INOPSCHK" time="0.0" classname="script.Claim_Approve_INOPS_CHK_Test">
    <skipped/>
  </testcase> <!-- Claim_Approve_INOPSCHK -->
  <testcase name="Insurance_Maker_Approve" time="0.0" classname="script.Settlement_Insurance_Maker_Approve_Test">
    <skipped/>
  </testcase> <!-- Insurance_Maker_Approve -->
  <testcase name="Insurance_Checker_Approve" time="0.0" classname="script.Settelement_insurance_Checker_Approve_Test">
    <skipped/>
  </testcase> <!-- Insurance_Checker_Approve -->
  <testcase name="Sent_To_insurer" time="0.0" classname="script.Settlement_Sent_To_Insurer_Test">
    <skipped/>
  </testcase> <!-- Sent_To_insurer -->
  <testcase name="Received_From_Insurer" time="0.0" classname="script.Settelement_Received_From_Insurer_Test">
    <skipped/>
  </testcase> <!-- Received_From_Insurer -->
  <testcase name="Sent_To_Insurer" time="0.0" classname="script.Settlement_Sent_To_Operation_Executive_Test">
    <skipped/>
  </testcase> <!-- Sent_To_Insurer -->
  <testcase name="Settled_To_Nominee" time="0.0" classname="script.Settlement_OPEX_SettledtoNominee_Test">
    <skipped/>
  </testcase> <!-- Settled_To_Nominee -->
  <testcase name="Settled_to_Nominee_pending_OM_Conf" time="0.0" classname="script.Settlement_Settled_To_Nominee_PendingAMConfirmation_Test">
    <skipped/>
  </testcase> <!-- Settled_to_Nominee_pending_OM_Conf -->
</testsuite> <!-- Test -->
